This file contains any messages produced by compilers while
running configure, to aid debugging if configure makes a mistake.

It was created by inspect configure 1.0.0, which was
generated by GNU Autoconf 2.69.  Invocation command line was

  $ ./configure --no-create --no-recursion

## --------- ##
## Platform. ##
## --------- ##

hostname = mint-dev
uname -m = x86_64
uname -r = 4.4.0-53-generic
uname -s = Linux
uname -v = #74-Ubuntu SMP Fri Dec 2 15:59:10 UTC 2016

/usr/bin/uname -p = unknown
/bin/uname -X     = unknown

/bin/arch              = unknown
/usr/bin/arch -k       = unknown
/usr/convex/getsysinfo = unknown
/usr/bin/hostinfo      = unknown
/bin/machine           = unknown
/usr/bin/oslevel       = unknown
/bin/universe          = unknown

PATH: /usr/local/sbin
PATH: /usr/local/bin
PATH: /usr/sbin
PATH: /usr/bin
PATH: /sbin
PATH: /bin


## ----------- ##
## Core tests. ##
## ----------- ##

configure:2459: checking for a BSD-compatible install
configure:2527: result: /usr/bin/install -c
configure:2538: checking whether build environment is sane
configure:2593: result: yes
configure:2744: checking for a thread-safe mkdir -p
configure:2783: result: /bin/mkdir -p
configure:2790: checking for gawk
configure:2806: found /usr/bin/gawk
configure:2817: result: gawk
configure:2828: checking whether make sets $(MAKE)
configure:2850: result: yes
configure:2879: checking whether make supports nested variables
configure:2896: result: yes
configure:3085: checking for g++
configure:3101: found /usr/bin/g++
configure:3112: result: g++
configure:3139: checking for C++ compiler version
configure:3148: g++ --version >&5
g++ (Ubuntu 5.4.0-6ubuntu1~16.04.4) 5.4.0 20160609
Copyright (C) 2015 Free Software Foundation, Inc.
This is free software; see the source for copying conditions.  There is NO
warranty; not even for MERCHANTABILITY or FITNESS FOR A PARTICULAR PURPOSE.

configure:3159: $? = 0
configure:3148: g++ -v >&5
Using built-in specs.
COLLECT_GCC=g++
COLLECT_LTO_WRAPPER=/usr/lib/gcc/x86_64-linux-gnu/5/lto-wrapper
Target: x86_64-linux-gnu
Configured with: ../src/configure -v --with-pkgversion='Ubuntu 5.4.0-6ubuntu1~16.04.4' --with-bugurl=file:///usr/share/doc/gcc-5/README.Bugs --enable-languages=c,ada,c++,java,go,d,fortran,objc,obj-c++ --prefix=/usr --program-suffix=-5 --enable-shared --enable-linker-build-id --libexecdir=/usr/lib --without-included-gettext --enable-threads=posix --libdir=/usr/lib --enable-nls --with-sysroot=/ --enable-clocale=gnu --enable-libstdcxx-debug --enable-libstdcxx-time=yes --with-default-libstdcxx-abi=new --enable-gnu-unique-object --disable-vtable-verify --enable-libmpx --enable-plugin --with-system-zlib --disable-browser-plugin --enable-java-awt=gtk --enable-gtk-cairo --with-java-home=/usr/lib/jvm/java-1.5.0-gcj-5-amd64/jre --enable-java-home --with-jvm-root-dir=/usr/lib/jvm/java-1.5.0-gcj-5-amd64 --with-jvm-jar-dir=/usr/lib/jvm-exports/java-1.5.0-gcj-5-amd64 --with-arch-directory=amd64 --with-ecj-jar=/usr/share/java/eclipse-ecj.jar --enable-objc-gc --enable-multiarch --disable-werror --with-arch-32=i686 --with-abi=m64 --with-multilib-list=m32,m64,mx32 --enable-multilib --with-tune=generic --enable-checking=release --build=x86_64-linux-gnu --host=x86_64-linux-gnu --target=x86_64-linux-gnu
Thread model: posix
gcc version 5.4.0 20160609 (Ubuntu 5.4.0-6ubuntu1~16.04.4) 
configure:3159: $? = 0
configure:3148: g++ -V >&5
g++: error: unrecognized command line option '-V'
g++: fatal error: no input files
compilation terminated.
configure:3159: $? = 1
configure:3148: g++ -qversion >&5
g++: error: unrecognized command line option '-qversion'
g++: fatal error: no input files
compilation terminated.
configure:3159: $? = 1
configure:3179: checking whether the C++ compiler works
configure:3201: g++    conftest.cpp  >&5
configure:3205: $? = 0
configure:3253: result: yes
configure:3256: checking for C++ compiler default output file name
configure:3258: result: a.out
configure:3264: checking for suffix of executables
configure:3271: g++ -o conftest    conftest.cpp  >&5
configure:3275: $? = 0
configure:3297: result: 
configure:3319: checking whether we are cross compiling
configure:3327: g++ -o conftest    conftest.cpp  >&5
configure:3331: $? = 0
configure:3338: ./conftest
configure:3342: $? = 0
configure:3357: result: no
configure:3362: checking for suffix of object files
configure:3384: g++ -c   conftest.cpp >&5
configure:3388: $? = 0
configure:3409: result: o
configure:3413: checking whether we are using the GNU C++ compiler
configure:3432: g++ -c   conftest.cpp >&5
configure:3432: $? = 0
configure:3441: result: yes
configure:3450: checking whether g++ accepts -g
configure:3470: g++ -c -g  conftest.cpp >&5
configure:3470: $? = 0
configure:3511: result: yes
configure:3545: checking for style of include used by make
configure:3573: result: GNU
configure:3599: checking dependency style of g++
configure:3710: result: none
configure:3773: checking for gcc
configure:3789: found /usr/bin/gcc
configure:3800: result: gcc
configure:4029: checking for C compiler version
configure:4038: gcc --version >&5
gcc (Ubuntu 5.4.0-6ubuntu1~16.04.4) 5.4.0 20160609
Copyright (C) 2015 Free Software Foundation, Inc.
This is free software; see the source for copying conditions.  There is NO
warranty; not even for MERCHANTABILITY or FITNESS FOR A PARTICULAR PURPOSE.

configure:4049: $? = 0
configure:4038: gcc -v >&5
Using built-in specs.
COLLECT_GCC=gcc
COLLECT_LTO_WRAPPER=/usr/lib/gcc/x86_64-linux-gnu/5/lto-wrapper
Target: x86_64-linux-gnu
Configured with: ../src/configure -v --with-pkgversion='Ubuntu 5.4.0-6ubuntu1~16.04.4' --with-bugurl=file:///usr/share/doc/gcc-5/README.Bugs --enable-languages=c,ada,c++,java,go,d,fortran,objc,obj-c++ --prefix=/usr --program-suffix=-5 --enable-shared --enable-linker-build-id --libexecdir=/usr/lib --without-included-gettext --enable-threads=posix --libdir=/usr/lib --enable-nls --with-sysroot=/ --enable-clocale=gnu --enable-libstdcxx-debug --enable-libstdcxx-time=yes --with-default-libstdcxx-abi=new --enable-gnu-unique-object --disable-vtable-verify --enable-libmpx --enable-plugin --with-system-zlib --disable-browser-plugin --enable-java-awt=gtk --enable-gtk-cairo --with-java-home=/usr/lib/jvm/java-1.5.0-gcj-5-amd64/jre --enable-java-home --with-jvm-root-dir=/usr/lib/jvm/java-1.5.0-gcj-5-amd64 --with-jvm-jar-dir=/usr/lib/jvm-exports/java-1.5.0-gcj-5-amd64 --with-arch-directory=amd64 --with-ecj-jar=/usr/share/java/eclipse-ecj.jar --enable-objc-gc --enable-multiarch --disable-werror --with-arch-32=i686 --with-abi=m64 --with-multilib-list=m32,m64,mx32 --enable-multilib --with-tune=generic --enable-checking=release --build=x86_64-linux-gnu --host=x86_64-linux-gnu --target=x86_64-linux-gnu
Thread model: posix
gcc version 5.4.0 20160609 (Ubuntu 5.4.0-6ubuntu1~16.04.4) 
configure:4049: $? = 0
configure:4038: gcc -V >&5
gcc: error: unrecognized command line option '-V'
gcc: fatal error: no input files
compilation terminated.
configure:4049: $? = 1
configure:4038: gcc -qversion >&5
gcc: error: unrecognized command line option '-qversion'
gcc: fatal error: no input files
compilation terminated.
configure:4049: $? = 1
configure:4053: checking whether we are using the GNU C compiler
configure:4072: gcc -c   conftest.c >&5
configure:4072: $? = 0
configure:4081: result: yes
configure:4090: checking whether gcc accepts -g
configure:4110: gcc -c -g  conftest.c >&5
configure:4110: $? = 0
configure:4151: result: yes
configure:4168: checking for gcc option to accept ISO C89
configure:4231: gcc  -c -g -O2  conftest.c >&5
configure:4231: $? = 0
configure:4244: result: none needed
configure:4269: checking whether gcc understands -c and -o together
configure:4291: gcc -c conftest.c -o conftest2.o
configure:4294: $? = 0
configure:4291: gcc -c conftest.c -o conftest2.o
configure:4294: $? = 0
configure:4306: result: yes
configure:4325: checking dependency style of gcc
configure:4436: result: none
configure:4455: checking for gcc option to accept ISO C99
configure:4604: gcc  -c -g -O2  conftest.c >&5
configure:4604: $? = 0
configure:4617: result: none needed
configure:4725: checking for gcc option to accept ISO Standard C
configure:4736: result: none needed
configure:4791: checking for gcc
configure:4818: result: gcc
configure:5047: checking for C compiler version
configure:5056: gcc --version >&5
gcc (Ubuntu 5.4.0-6ubuntu1~16.04.4) 5.4.0 20160609
Copyright (C) 2015 Free Software Foundation, Inc.
This is free software; see the source for copying conditions.  There is NO
warranty; not even for MERCHANTABILITY or FITNESS FOR A PARTICULAR PURPOSE.

configure:5067: $? = 0
configure:5056: gcc -v >&5
Using built-in specs.
COLLECT_GCC=gcc
COLLECT_LTO_WRAPPER=/usr/lib/gcc/x86_64-linux-gnu/5/lto-wrapper
Target: x86_64-linux-gnu
Configured with: ../src/configure -v --with-pkgversion='Ubuntu 5.4.0-6ubuntu1~16.04.4' --with-bugurl=file:///usr/share/doc/gcc-5/README.Bugs --enable-languages=c,ada,c++,java,go,d,fortran,objc,obj-c++ --prefix=/usr --program-suffix=-5 --enable-shared --enable-linker-build-id --libexecdir=/usr/lib --without-included-gettext --enable-threads=posix --libdir=/usr/lib --enable-nls --with-sysroot=/ --enable-clocale=gnu --enable-libstdcxx-debug --enable-libstdcxx-time=yes --with-default-libstdcxx-abi=new --enable-gnu-unique-object --disable-vtable-verify --enable-libmpx --enable-plugin --with-system-zlib --disable-browser-plugin --enable-java-awt=gtk --enable-gtk-cairo --with-java-home=/usr/lib/jvm/java-1.5.0-gcj-5-amd64/jre --enable-java-home --with-jvm-root-dir=/usr/lib/jvm/java-1.5.0-gcj-5-amd64 --with-jvm-jar-dir=/usr/lib/jvm-exports/java-1.5.0-gcj-5-amd64 --with-arch-directory=amd64 --with-ecj-jar=/usr/share/java/eclipse-ecj.jar --enable-objc-gc --enable-multiarch --disable-werror --with-arch-32=i686 --with-abi=m64 --with-multilib-list=m32,m64,mx32 --enable-multilib --with-tune=generic --enable-checking=release --build=x86_64-linux-gnu --host=x86_64-linux-gnu --target=x86_64-linux-gnu
Thread model: posix
gcc version 5.4.0 20160609 (Ubuntu 5.4.0-6ubuntu1~16.04.4) 
configure:5067: $? = 0
configure:5056: gcc -V >&5
gcc: error: unrecognized command line option '-V'
gcc: fatal error: no input files
compilation terminated.
configure:5067: $? = 1
configure:5056: gcc -qversion >&5
gcc: error: unrecognized command line option '-qversion'
gcc: fatal error: no input files
compilation terminated.
configure:5067: $? = 1
configure:5071: checking whether we are using the GNU C compiler
configure:5099: result: yes
configure:5108: checking whether gcc accepts -g
configure:5169: result: yes
configure:5186: checking for gcc option to accept ISO C89
configure:5262: result: none needed
configure:5287: checking whether gcc understands -c and -o together
configure:5324: result: yes
configure:5343: checking dependency style of gcc
configure:5454: result: none
configure:5498: checking build system type
configure:5512: result: x86_64-pc-linux-gnu
configure:5532: checking host system type
configure:5545: result: x86_64-pc-linux-gnu
configure:5586: checking how to print strings
configure:5613: result: printf
configure:5634: checking for a sed that does not truncate output
configure:5698: result: /bin/sed
configure:5716: checking for grep that handles long lines and -e
configure:5774: result: /bin/grep
configure:5779: checking for egrep
configure:5841: result: /bin/grep -E
configure:5846: checking for fgrep
configure:5908: result: /bin/grep -F
configure:5943: checking for ld used by gcc
configure:6010: result: /usr/bin/ld
configure:6017: checking if the linker (/usr/bin/ld) is GNU ld
configure:6032: result: yes
configure:6044: checking for BSD- or MS-compatible name lister (nm)
configure:6098: result: /usr/bin/nm -B
configure:6228: checking the name lister (/usr/bin/nm -B) interface
configure:6235: gcc -c -g -O2  conftest.c >&5
configure:6238: /usr/bin/nm -B "conftest.o"
configure:6241: output
0000000000000000 B some_variable
configure:6248: result: BSD nm
configure:6251: checking whether ln -s works
configure:6255: result: yes
configure:6263: checking the maximum length of command line arguments
configure:6394: result: 1572864
configure:6442: checking how to convert x86_64-pc-linux-gnu file names to x86_64-pc-linux-gnu format
configure:6482: result: func_convert_file_noop
configure:6489: checking how to convert x86_64-pc-linux-gnu file names to toolchain format
configure:6509: result: func_convert_file_noop
configure:6516: checking for /usr/bin/ld option to reload object files
configure:6523: result: -r
configure:6597: checking for objdump
configure:6613: found /usr/bin/objdump
configure:6624: result: objdump
configure:6656: checking how to recognize dependent libraries
configure:6856: result: pass_all
configure:6941: checking for dlltool
configure:6971: result: no
configure:7001: checking how to associate runtime and link libraries
configure:7028: result: printf %s\n
configure:7089: checking for ar
configure:7105: found /usr/bin/ar
configure:7116: result: ar
configure:7153: checking for archiver @FILE support
configure:7170: gcc -c -g -O2  conftest.c >&5
configure:7170: $? = 0
configure:7173: ar cru libconftest.a @conftest.lst >&5
ar: `u' modifier ignored since `D' is the default (see `U')
configure:7176: $? = 0
configure:7181: ar cru libconftest.a @conftest.lst >&5
ar: `u' modifier ignored since `D' is the default (see `U')
ar: conftest.o: No such file or directory
configure:7184: $? = 1
configure:7196: result: @
configure:7254: checking for strip
configure:7270: found /usr/bin/strip
configure:7281: result: strip
configure:7353: checking for ranlib
configure:7369: found /usr/bin/ranlib
configure:7380: result: ranlib
configure:7482: checking command to parse /usr/bin/nm -B output from gcc object
configure:7635: gcc -c -g -O2  conftest.c >&5
configure:7638: $? = 0
configure:7642: /usr/bin/nm -B conftest.o \| sed -n -e 's/^.*[ ]\([ABCDGIRSTW][ABCDGIRSTW]*\)[ ][ ]*\([_A-Za-z][_A-Za-z0-9]*\)$/\1 \2 \2/p' | sed '/ __gnu_lto/d' \> conftest.nm
configure:7645: $? = 0
configure:7711: gcc -o conftest -g -O2   conftest.c conftstm.o >&5
configure:7714: $? = 0
configure:7752: result: ok
configure:7799: checking for sysroot
configure:7829: result: no
configure:7836: checking for a working dd
configure:7874: result: /bin/dd
configure:7878: checking how to truncate binary pipes
configure:7893: result: /bin/dd bs=4096 count=1
configure:8029: gcc -c -g -O2  conftest.c >&5
configure:8032: $? = 0
configure:8222: checking for mt
configure:8238: found /bin/mt
configure:8249: result: mt
configure:8272: checking if mt is a manifest tool
configure:8278: mt '-?'
configure:8286: result: no
configure:8963: checking how to run the C preprocessor
configure:8994: gcc -E  conftest.c
configure:8994: $? = 0
configure:9008: gcc -E  conftest.c
conftest.c:11:28: fatal error: ac_nonexistent.h: No such file or directory
compilation terminated.
configure:9008: $? = 1
configure: failed program was:
| /* confdefs.h */
| #define PACKAGE_NAME "inspect"
| #define PACKAGE_TARNAME "inspect"
| #define PACKAGE_VERSION "1.0.0"
| #define PACKAGE_STRING "inspect 1.0.0"
| #define PACKAGE_BUGREPORT "kinow83@gmail.com"
| #define PACKAGE_URL ""
| #define PACKAGE "inspect"
| #define VERSION "1.0.0"
| /* end confdefs.h.  */
| #include <ac_nonexistent.h>
configure:9033: result: gcc -E
configure:9053: gcc -E  conftest.c
configure:9053: $? = 0
configure:9067: gcc -E  conftest.c
conftest.c:11:28: fatal error: ac_nonexistent.h: No such file or directory
compilation terminated.
configure:9067: $? = 1
configure: failed program was:
| /* confdefs.h */
| #define PACKAGE_NAME "inspect"
| #define PACKAGE_TARNAME "inspect"
| #define PACKAGE_VERSION "1.0.0"
| #define PACKAGE_STRING "inspect 1.0.0"
| #define PACKAGE_BUGREPORT "kinow83@gmail.com"
| #define PACKAGE_URL ""
| #define PACKAGE "inspect"
| #define VERSION "1.0.0"
| /* end confdefs.h.  */
| #include <ac_nonexistent.h>
configure:9096: checking for ANSI C header files
configure:9116: gcc -c -g -O2  conftest.c >&5
configure:9116: $? = 0
configure:9189: gcc -o conftest -g -O2   conftest.c  >&5
configure:9189: $? = 0
configure:9189: ./conftest
configure:9189: $? = 0
configure:9200: result: yes
configure:9213: checking for sys/types.h
configure:9213: gcc -c -g -O2  conftest.c >&5
configure:9213: $? = 0
configure:9213: result: yes
configure:9213: checking for sys/stat.h
configure:9213: gcc -c -g -O2  conftest.c >&5
configure:9213: $? = 0
configure:9213: result: yes
configure:9213: checking for stdlib.h
configure:9213: gcc -c -g -O2  conftest.c >&5
configure:9213: $? = 0
configure:9213: result: yes
configure:9213: checking for string.h
configure:9213: gcc -c -g -O2  conftest.c >&5
configure:9213: $? = 0
configure:9213: result: yes
configure:9213: checking for memory.h
configure:9213: gcc -c -g -O2  conftest.c >&5
configure:9213: $? = 0
configure:9213: result: yes
configure:9213: checking for strings.h
configure:9213: gcc -c -g -O2  conftest.c >&5
configure:9213: $? = 0
configure:9213: result: yes
configure:9213: checking for inttypes.h
configure:9213: gcc -c -g -O2  conftest.c >&5
configure:9213: $? = 0
configure:9213: result: yes
configure:9213: checking for stdint.h
configure:9213: gcc -c -g -O2  conftest.c >&5
configure:9213: $? = 0
configure:9213: result: yes
configure:9213: checking for unistd.h
configure:9213: gcc -c -g -O2  conftest.c >&5
configure:9213: $? = 0
configure:9213: result: yes
configure:9227: checking for dlfcn.h
configure:9227: gcc -c -g -O2  conftest.c >&5
configure:9227: $? = 0
configure:9227: result: yes
configure:9494: checking for objdir
configure:9509: result: .libs
configure:9769: checking if gcc supports -fno-rtti -fno-exceptions
configure:9787: gcc -c -g -O2  -fno-rtti -fno-exceptions conftest.c >&5
cc1: warning: command line option '-fno-rtti' is valid for C++/ObjC++ but not for C
configure:9791: $? = 0
configure:9804: result: no
configure:10162: checking for gcc option to produce PIC
configure:10169: result: -fPIC -DPIC
configure:10177: checking if gcc PIC flag -fPIC -DPIC works
configure:10195: gcc -c -g -O2  -fPIC -DPIC -DPIC conftest.c >&5
configure:10199: $? = 0
configure:10212: result: yes
configure:10241: checking if gcc static flag -static works
configure:10269: result: yes
configure:10284: checking if gcc supports -c -o file.o
configure:10305: gcc -c -g -O2  -o out/conftest2.o conftest.c >&5
configure:10309: $? = 0
configure:10331: result: yes
configure:10339: checking if gcc supports -c -o file.o
configure:10386: result: yes
configure:10419: checking whether the gcc linker (/usr/bin/ld -m elf_x86_64) supports shared libraries
configure:11682: result: yes
configure:11719: checking whether -lc should be explicitly linked in
configure:11727: gcc -c -g -O2  conftest.c >&5
configure:11730: $? = 0
configure:11745: gcc -shared  -fPIC -DPIC conftest.o  -v -Wl,-soname -Wl,conftest -o conftest 2\>\&1 \| /bin/grep  -lc  \>/dev/null 2\>\&1
configure:11748: $? = 0
configure:11762: result: no
configure:11922: checking dynamic linker characteristics
configure:12503: gcc -o conftest -g -O2   -Wl,-rpath -Wl,/foo conftest.c  >&5
configure:12503: $? = 0
configure:12752: result: GNU/Linux ld.so
configure:12874: checking how to hardcode library paths into programs
configure:12899: result: immediate
configure:13447: checking whether stripping libraries is possible
configure:13452: result: yes
configure:13487: checking if libtool supports shared libraries
configure:13489: result: yes
configure:13492: checking whether to build shared libraries
configure:13517: result: yes
configure:13520: checking whether to build static libraries
configure:13524: result: yes
configure:13547: checking how to run the C++ preprocessor
configure:13574: g++ -E  conftest.cpp
configure:13574: $? = 0
configure:13588: g++ -E  conftest.cpp
conftest.cpp:23:28: fatal error: ac_nonexistent.h: No such file or directory
compilation terminated.
configure:13588: $? = 1
configure: failed program was:
| /* confdefs.h */
| #define PACKAGE_NAME "inspect"
| #define PACKAGE_TARNAME "inspect"
| #define PACKAGE_VERSION "1.0.0"
| #define PACKAGE_STRING "inspect 1.0.0"
| #define PACKAGE_BUGREPORT "kinow83@gmail.com"
| #define PACKAGE_URL ""
| #define PACKAGE "inspect"
| #define VERSION "1.0.0"
| #define STDC_HEADERS 1
| #define HAVE_SYS_TYPES_H 1
| #define HAVE_SYS_STAT_H 1
| #define HAVE_STDLIB_H 1
| #define HAVE_STRING_H 1
| #define HAVE_MEMORY_H 1
| #define HAVE_STRINGS_H 1
| #define HAVE_INTTYPES_H 1
| #define HAVE_STDINT_H 1
| #define HAVE_UNISTD_H 1
| #define HAVE_DLFCN_H 1
| #define LT_OBJDIR ".libs/"
| /* end confdefs.h.  */
| #include <ac_nonexistent.h>
configure:13613: result: g++ -E
configure:13633: g++ -E  conftest.cpp
configure:13633: $? = 0
configure:13647: g++ -E  conftest.cpp
conftest.cpp:23:28: fatal error: ac_nonexistent.h: No such file or directory
compilation terminated.
configure:13647: $? = 1
configure: failed program was:
| /* confdefs.h */
| #define PACKAGE_NAME "inspect"
| #define PACKAGE_TARNAME "inspect"
| #define PACKAGE_VERSION "1.0.0"
| #define PACKAGE_STRING "inspect 1.0.0"
| #define PACKAGE_BUGREPORT "kinow83@gmail.com"
| #define PACKAGE_URL ""
| #define PACKAGE "inspect"
| #define VERSION "1.0.0"
| #define STDC_HEADERS 1
| #define HAVE_SYS_TYPES_H 1
| #define HAVE_SYS_STAT_H 1
| #define HAVE_STDLIB_H 1
| #define HAVE_STRING_H 1
| #define HAVE_MEMORY_H 1
| #define HAVE_STRINGS_H 1
| #define HAVE_INTTYPES_H 1
| #define HAVE_STDINT_H 1
| #define HAVE_UNISTD_H 1
| #define HAVE_DLFCN_H 1
| #define LT_OBJDIR ".libs/"
| /* end confdefs.h.  */
| #include <ac_nonexistent.h>
configure:13809: checking for ld used by g++
configure:13876: result: /usr/bin/ld -m elf_x86_64
configure:13883: checking if the linker (/usr/bin/ld -m elf_x86_64) is GNU ld
configure:13898: result: yes
configure:13953: checking whether the g++ linker (/usr/bin/ld -m elf_x86_64) supports shared libraries
configure:15026: result: yes
configure:15062: g++ -c -g -O2  conftest.cpp >&5
configure:15065: $? = 0
configure:15546: checking for g++ option to produce PIC
configure:15553: result: -fPIC -DPIC
configure:15561: checking if g++ PIC flag -fPIC -DPIC works
configure:15579: g++ -c -g -O2  -fPIC -DPIC -DPIC conftest.cpp >&5
configure:15583: $? = 0
configure:15596: result: yes
configure:15619: checking if g++ static flag -static works
configure:15647: result: yes
configure:15659: checking if g++ supports -c -o file.o
configure:15680: g++ -c -g -O2  -o out/conftest2.o conftest.cpp >&5
configure:15684: $? = 0
configure:15706: result: yes
configure:15711: checking if g++ supports -c -o file.o
configure:15758: result: yes
configure:15788: checking whether the g++ linker (/usr/bin/ld -m elf_x86_64) supports shared libraries
configure:15831: result: yes
configure:15972: checking dynamic linker characteristics
configure:16729: result: GNU/Linux ld.so
configure:16794: checking how to hardcode library paths into programs
configure:16819: result: immediate
configure:16923: checking for ranlib
configure:16950: result: ranlib
configure:16972: checking whether byte ordering is bigendian
configure:16987: gcc -c -g -O2  conftest.c >&5
conftest.c:24:9: error: unknown type name 'not'
         not a universal capable compiler
         ^
conftest.c:24:15: error: expected '=', ',', ';', 'asm' or '__attribute__' before 'universal'
         not a universal capable compiler
               ^
conftest.c:24:15: error: unknown type name 'universal'
configure:16987: $? = 1
configure: failed program was:
| /* confdefs.h */
| #define PACKAGE_NAME "inspect"
| #define PACKAGE_TARNAME "inspect"
| #define PACKAGE_VERSION "1.0.0"
| #define PACKAGE_STRING "inspect 1.0.0"
| #define PACKAGE_BUGREPORT "kinow83@gmail.com"
| #define PACKAGE_URL ""
| #define PACKAGE "inspect"
| #define VERSION "1.0.0"
| #define STDC_HEADERS 1
| #define HAVE_SYS_TYPES_H 1
| #define HAVE_SYS_STAT_H 1
| #define HAVE_STDLIB_H 1
| #define HAVE_STRING_H 1
| #define HAVE_MEMORY_H 1
| #define HAVE_STRINGS_H 1
| #define HAVE_INTTYPES_H 1
| #define HAVE_STDINT_H 1
| #define HAVE_UNISTD_H 1
| #define HAVE_DLFCN_H 1
| #define LT_OBJDIR ".libs/"
| /* end confdefs.h.  */
| #ifndef __APPLE_CC__
| 	       not a universal capable compiler
| 	     #endif
| 	     typedef int dummy;
| 
configure:17032: gcc -c -g -O2  conftest.c >&5
configure:17032: $? = 0
configure:17050: gcc -c -g -O2  conftest.c >&5
conftest.c: In function 'main':
conftest.c:30:4: error: unknown type name 'not'
    not big endian
    ^
conftest.c:30:12: error: expected '=', ',', ';', 'asm' or '__attribute__' before 'endian'
    not big endian
            ^
configure:17050: $? = 1
configure: failed program was:
| /* confdefs.h */
| #define PACKAGE_NAME "inspect"
| #define PACKAGE_TARNAME "inspect"
| #define PACKAGE_VERSION "1.0.0"
| #define PACKAGE_STRING "inspect 1.0.0"
| #define PACKAGE_BUGREPORT "kinow83@gmail.com"
| #define PACKAGE_URL ""
| #define PACKAGE "inspect"
| #define VERSION "1.0.0"
| #define STDC_HEADERS 1
| #define HAVE_SYS_TYPES_H 1
| #define HAVE_SYS_STAT_H 1
| #define HAVE_STDLIB_H 1
| #define HAVE_STRING_H 1
| #define HAVE_MEMORY_H 1
| #define HAVE_STRINGS_H 1
| #define HAVE_INTTYPES_H 1
| #define HAVE_STDINT_H 1
| #define HAVE_UNISTD_H 1
| #define HAVE_DLFCN_H 1
| #define LT_OBJDIR ".libs/"
| /* end confdefs.h.  */
| #include <sys/types.h>
| 		#include <sys/param.h>
| 
| int
| main ()
| {
| #if BYTE_ORDER != BIG_ENDIAN
| 		 not big endian
| 		#endif
| 
|   ;
|   return 0;
| }
configure:17178: result: no
configure:17198: checking for main in -lpthread
configure:17217: gcc -o conftest -g -O2   conftest.c -lpthread   >&5
configure:17217: $? = 0
configure:17226: result: yes
configure:17239: checking pcap.h usability
configure:17239: gcc -c -g -O2  conftest.c >&5
configure:17239: $? = 0
configure:17239: result: yes
configure:17239: checking pcap.h presence
configure:17239: gcc -E  conftest.c
configure:17239: $? = 0
configure:17239: result: yes
configure:17239: checking for pcap.h
configure:17239: result: yes
configure:17249: checking for main in -lpcap
configure:17268: gcc -o conftest -g -O2   conftest.c -lpcap  -lpthread  >&5
configure:17268: $? = 0
configure:17277: result: yes
configure:17292: checking for stdbool.h that conforms to C99
configure:17359: gcc -c -g -O2  conftest.c >&5
configure:17359: $? = 0
configure:17366: result: yes
configure:17368: checking for _Bool
configure:17368: gcc -c -g -O2  conftest.c >&5
configure:17368: $? = 0
configure:17368: gcc -c -g -O2  conftest.c >&5
conftest.c: In function 'main':
conftest.c:62:20: error: expected expression before ')' token
 if (sizeof ((_Bool)))
                    ^
configure:17368: $? = 1
configure: failed program was:
| /* confdefs.h */
| #define PACKAGE_NAME "inspect"
| #define PACKAGE_TARNAME "inspect"
| #define PACKAGE_VERSION "1.0.0"
| #define PACKAGE_STRING "inspect 1.0.0"
| #define PACKAGE_BUGREPORT "kinow83@gmail.com"
| #define PACKAGE_URL ""
| #define PACKAGE "inspect"
| #define VERSION "1.0.0"
| #define STDC_HEADERS 1
| #define HAVE_SYS_TYPES_H 1
| #define HAVE_SYS_STAT_H 1
| #define HAVE_STDLIB_H 1
| #define HAVE_STRING_H 1
| #define HAVE_MEMORY_H 1
| #define HAVE_STRINGS_H 1
| #define HAVE_INTTYPES_H 1
| #define HAVE_STDINT_H 1
| #define HAVE_UNISTD_H 1
| #define HAVE_DLFCN_H 1
| #define LT_OBJDIR ".libs/"
| #define HAVE_LIBPTHREAD 1
| #define HAVE_PCAP_H 1
| #define HAVE_LIBPCAP 1
| /* end confdefs.h.  */
| #include <stdio.h>
| #ifdef HAVE_SYS_TYPES_H
| # include <sys/types.h>
| #endif
| #ifdef HAVE_SYS_STAT_H
| # include <sys/stat.h>
| #endif
| #ifdef STDC_HEADERS
| # include <stdlib.h>
| # include <stddef.h>
| #else
| # ifdef HAVE_STDLIB_H
| #  include <stdlib.h>
| # endif
| #endif
| #ifdef HAVE_STRING_H
| # if !defined STDC_HEADERS && defined HAVE_MEMORY_H
| #  include <memory.h>
| # endif
| # include <string.h>
| #endif
| #ifdef HAVE_STRINGS_H
| # include <strings.h>
| #endif
| #ifdef HAVE_INTTYPES_H
| # include <inttypes.h>
| #endif
| #ifdef HAVE_STDINT_H
| # include <stdint.h>
| #endif
| #ifdef HAVE_UNISTD_H
| # include <unistd.h>
| #endif
| int
| main ()
| {
| if (sizeof ((_Bool)))
| 	    return 0;
|   ;
|   return 0;
| }
configure:17368: result: yes
configure:17387: checking for pid_t
configure:17387: gcc -c -g -O2  conftest.c >&5
configure:17387: $? = 0
configure:17387: gcc -c -g -O2  conftest.c >&5
conftest.c: In function 'main':
conftest.c:64:20: error: expected expression before ')' token
 if (sizeof ((pid_t)))
                    ^
configure:17387: $? = 1
configure: failed program was:
| /* confdefs.h */
| #define PACKAGE_NAME "inspect"
| #define PACKAGE_TARNAME "inspect"
| #define PACKAGE_VERSION "1.0.0"
| #define PACKAGE_STRING "inspect 1.0.0"
| #define PACKAGE_BUGREPORT "kinow83@gmail.com"
| #define PACKAGE_URL ""
| #define PACKAGE "inspect"
| #define VERSION "1.0.0"
| #define STDC_HEADERS 1
| #define HAVE_SYS_TYPES_H 1
| #define HAVE_SYS_STAT_H 1
| #define HAVE_STDLIB_H 1
| #define HAVE_STRING_H 1
| #define HAVE_MEMORY_H 1
| #define HAVE_STRINGS_H 1
| #define HAVE_INTTYPES_H 1
| #define HAVE_STDINT_H 1
| #define HAVE_UNISTD_H 1
| #define HAVE_DLFCN_H 1
| #define LT_OBJDIR ".libs/"
| #define HAVE_LIBPTHREAD 1
| #define HAVE_PCAP_H 1
| #define HAVE_LIBPCAP 1
| #define HAVE__BOOL 1
| #define HAVE_STDBOOL_H 1
| /* end confdefs.h.  */
| #include <stdio.h>
| #ifdef HAVE_SYS_TYPES_H
| # include <sys/types.h>
| #endif
| #ifdef HAVE_SYS_STAT_H
| # include <sys/stat.h>
| #endif
| #ifdef STDC_HEADERS
| # include <stdlib.h>
| # include <stddef.h>
| #else
| # ifdef HAVE_STDLIB_H
| #  include <stdlib.h>
| # endif
| #endif
| #ifdef HAVE_STRING_H
| # if !defined STDC_HEADERS && defined HAVE_MEMORY_H
| #  include <memory.h>
| # endif
| # include <string.h>
| #endif
| #ifdef HAVE_STRINGS_H
| # include <strings.h>
| #endif
| #ifdef HAVE_INTTYPES_H
| # include <inttypes.h>
| #endif
| #ifdef HAVE_STDINT_H
| # include <stdint.h>
| #endif
| #ifdef HAVE_UNISTD_H
| # include <unistd.h>
| #endif
| int
| main ()
| {
| if (sizeof ((pid_t)))
| 	    return 0;
|   ;
|   return 0;
| }
configure:17387: result: yes
configure:17400: checking vfork.h usability
configure:17400: gcc -c -g -O2  conftest.c >&5
conftest.c:61:19: fatal error: vfork.h: No such file or directory
compilation terminated.
configure:17400: $? = 1
configure: failed program was:
| /* confdefs.h */
| #define PACKAGE_NAME "inspect"
| #define PACKAGE_TARNAME "inspect"
| #define PACKAGE_VERSION "1.0.0"
| #define PACKAGE_STRING "inspect 1.0.0"
| #define PACKAGE_BUGREPORT "kinow83@gmail.com"
| #define PACKAGE_URL ""
| #define PACKAGE "inspect"
| #define VERSION "1.0.0"
| #define STDC_HEADERS 1
| #define HAVE_SYS_TYPES_H 1
| #define HAVE_SYS_STAT_H 1
| #define HAVE_STDLIB_H 1
| #define HAVE_STRING_H 1
| #define HAVE_MEMORY_H 1
| #define HAVE_STRINGS_H 1
| #define HAVE_INTTYPES_H 1
| #define HAVE_STDINT_H 1
| #define HAVE_UNISTD_H 1
| #define HAVE_DLFCN_H 1
| #define LT_OBJDIR ".libs/"
| #define HAVE_LIBPTHREAD 1
| #define HAVE_PCAP_H 1
| #define HAVE_LIBPCAP 1
| #define HAVE__BOOL 1
| #define HAVE_STDBOOL_H 1
| /* end confdefs.h.  */
| #include <stdio.h>
| #ifdef HAVE_SYS_TYPES_H
| # include <sys/types.h>
| #endif
| #ifdef HAVE_SYS_STAT_H
| # include <sys/stat.h>
| #endif
| #ifdef STDC_HEADERS
| # include <stdlib.h>
| # include <stddef.h>
| #else
| # ifdef HAVE_STDLIB_H
| #  include <stdlib.h>
| # endif
| #endif
| #ifdef HAVE_STRING_H
| # if !defined STDC_HEADERS && defined HAVE_MEMORY_H
| #  include <memory.h>
| # endif
| # include <string.h>
| #endif
| #ifdef HAVE_STRINGS_H
| # include <strings.h>
| #endif
| #ifdef HAVE_INTTYPES_H
| # include <inttypes.h>
| #endif
| #ifdef HAVE_STDINT_H
| # include <stdint.h>
| #endif
| #ifdef HAVE_UNISTD_H
| # include <unistd.h>
| #endif
| #include <vfork.h>
configure:17400: result: no
configure:17400: checking vfork.h presence
configure:17400: gcc -E  conftest.c
conftest.c:28:19: fatal error: vfork.h: No such file or directory
compilation terminated.
configure:17400: $? = 1
configure: failed program was:
| /* confdefs.h */
| #define PACKAGE_NAME "inspect"
| #define PACKAGE_TARNAME "inspect"
| #define PACKAGE_VERSION "1.0.0"
| #define PACKAGE_STRING "inspect 1.0.0"
| #define PACKAGE_BUGREPORT "kinow83@gmail.com"
| #define PACKAGE_URL ""
| #define PACKAGE "inspect"
| #define VERSION "1.0.0"
| #define STDC_HEADERS 1
| #define HAVE_SYS_TYPES_H 1
| #define HAVE_SYS_STAT_H 1
| #define HAVE_STDLIB_H 1
| #define HAVE_STRING_H 1
| #define HAVE_MEMORY_H 1
| #define HAVE_STRINGS_H 1
| #define HAVE_INTTYPES_H 1
| #define HAVE_STDINT_H 1
| #define HAVE_UNISTD_H 1
| #define HAVE_DLFCN_H 1
| #define LT_OBJDIR ".libs/"
| #define HAVE_LIBPTHREAD 1
| #define HAVE_PCAP_H 1
| #define HAVE_LIBPCAP 1
| #define HAVE__BOOL 1
| #define HAVE_STDBOOL_H 1
| /* end confdefs.h.  */
| #include <vfork.h>
configure:17400: result: no
configure:17400: checking for vfork.h
configure:17400: result: no
configure:17413: checking for fork
configure:17413: gcc -o conftest -g -O2   conftest.c -lpcap -lpthread  >&5
conftest.c:51:6: warning: conflicting types for built-in function 'fork'
 char fork ();
      ^
configure:17413: $? = 0
configure:17413: result: yes
configure:17413: checking for vfork
configure:17413: gcc -o conftest -g -O2   conftest.c -lpcap -lpthread  >&5
configure:17413: $? = 0
configure:17413: result: yes
configure:17423: checking for working fork
configure:17445: gcc -o conftest -g -O2   conftest.c -lpcap -lpthread  >&5
configure:17445: $? = 0
configure:17445: ./conftest
configure:17445: $? = 0
configure:17455: result: yes
configure:17476: checking for working vfork
configure:17586: result: yes
configure:17613: checking for stdlib.h
configure:17613: result: yes
configure:17623: checking for GNU libc compatible malloc
configure:17647: gcc -o conftest -g -O2   conftest.c -lpcap -lpthread  >&5
configure:17647: $? = 0
configure:17647: ./conftest
configure:17647: $? = 0
configure:17657: result: yes
configure:17789: checking that generated files are newer than configure
configure:17795: result: done
configure:17827: creating ./config.status

## ---------------- ##
## Cache variables. ##
## ---------------- ##

ac_cv_build=x86_64-pc-linux-gnu
ac_cv_c_bigendian=no
ac_cv_c_compiler_gnu=yes
ac_cv_cxx_compiler_gnu=yes
ac_cv_env_CCC_set=
ac_cv_env_CCC_value=
ac_cv_env_CC_set=
ac_cv_env_CC_value=
ac_cv_env_CFLAGS_set=
ac_cv_env_CFLAGS_value=
ac_cv_env_CPPFLAGS_set=
ac_cv_env_CPPFLAGS_value=
ac_cv_env_CPP_set=
ac_cv_env_CPP_value=
ac_cv_env_CXXCPP_set=
ac_cv_env_CXXCPP_value=
ac_cv_env_CXXFLAGS_set=
ac_cv_env_CXXFLAGS_value=
ac_cv_env_CXX_set=
ac_cv_env_CXX_value=
ac_cv_env_LDFLAGS_set=
ac_cv_env_LDFLAGS_value=
ac_cv_env_LIBS_set=
ac_cv_env_LIBS_value=
ac_cv_env_LT_SYS_LIBRARY_PATH_set=
ac_cv_env_LT_SYS_LIBRARY_PATH_value=
ac_cv_env_build_alias_set=
ac_cv_env_build_alias_value=
ac_cv_env_host_alias_set=
ac_cv_env_host_alias_value=
ac_cv_env_target_alias_set=
ac_cv_env_target_alias_value=
ac_cv_func_fork=yes
ac_cv_func_fork_works=yes
ac_cv_func_malloc_0_nonnull=yes
ac_cv_func_vfork=yes
ac_cv_func_vfork_works=yes
ac_cv_header_dlfcn_h=yes
ac_cv_header_inttypes_h=yes
ac_cv_header_memory_h=yes
ac_cv_header_pcap_h=yes
ac_cv_header_stdbool_h=yes
ac_cv_header_stdc=yes
ac_cv_header_stdint_h=yes
ac_cv_header_stdlib_h=yes
ac_cv_header_string_h=yes
ac_cv_header_strings_h=yes
ac_cv_header_sys_stat_h=yes
ac_cv_header_sys_types_h=yes
ac_cv_header_unistd_h=yes
ac_cv_header_vfork_h=no
ac_cv_host=x86_64-pc-linux-gnu
ac_cv_lib_pcap_main=yes
ac_cv_lib_pthread_main=yes
ac_cv_objext=o
ac_cv_path_EGREP='/bin/grep -E'
ac_cv_path_FGREP='/bin/grep -F'
ac_cv_path_GREP=/bin/grep
ac_cv_path_SED=/bin/sed
ac_cv_path_install='/usr/bin/install -c'
ac_cv_path_lt_DD=/bin/dd
ac_cv_path_mkdir=/bin/mkdir
ac_cv_prog_AWK=gawk
ac_cv_prog_CPP='gcc -E'
ac_cv_prog_CXXCPP='g++ -E'
ac_cv_prog_ac_ct_AR=ar
ac_cv_prog_ac_ct_CC=gcc
ac_cv_prog_ac_ct_CXX=g++
ac_cv_prog_ac_ct_MANIFEST_TOOL=mt
ac_cv_prog_ac_ct_OBJDUMP=objdump
ac_cv_prog_ac_ct_RANLIB=ranlib
ac_cv_prog_ac_ct_STRIP=strip
ac_cv_prog_cc_c89=
ac_cv_prog_cc_c99=
ac_cv_prog_cc_g=yes
ac_cv_prog_cc_stdc=
ac_cv_prog_cxx_g=yes
ac_cv_prog_make_make_set=yes
ac_cv_type__Bool=yes
ac_cv_type_pid_t=yes
am_cv_CC_dependencies_compiler_type=none
am_cv_CXX_dependencies_compiler_type=none
am_cv_make_support_nested_variables=yes
am_cv_prog_cc_c_o=yes
lt_cv_ar_at_file=@
lt_cv_archive_cmds_need_lc=no
lt_cv_deplibs_check_method=pass_all
lt_cv_file_magic_cmd='$MAGIC_CMD'
lt_cv_file_magic_test_file=
lt_cv_ld_reload_flag=-r
lt_cv_nm_interface='BSD nm'
lt_cv_objdir=.libs
lt_cv_path_LD=/usr/bin/ld
lt_cv_path_LDCXX='/usr/bin/ld -m elf_x86_64'
lt_cv_path_NM='/usr/bin/nm -B'
lt_cv_path_mainfest_tool=no
lt_cv_prog_compiler_c_o=yes
lt_cv_prog_compiler_c_o_CXX=yes
lt_cv_prog_compiler_pic='-fPIC -DPIC'
lt_cv_prog_compiler_pic_CXX='-fPIC -DPIC'
lt_cv_prog_compiler_pic_works=yes
lt_cv_prog_compiler_pic_works_CXX=yes
lt_cv_prog_compiler_rtti_exceptions=no
lt_cv_prog_compiler_static_works=yes
lt_cv_prog_compiler_static_works_CXX=yes
lt_cv_prog_gnu_ld=yes
lt_cv_prog_gnu_ldcxx=yes
lt_cv_sharedlib_from_linklib_cmd='printf %s\n'
lt_cv_shlibpath_overrides_runpath=no
lt_cv_sys_global_symbol_pipe='sed -n -e '\''s/^.*[	 ]\([ABCDGIRSTW][ABCDGIRSTW]*\)[	 ][	 ]*\([_A-Za-z][_A-Za-z0-9]*\)$/\1 \2 \2/p'\'' | sed '\''/ __gnu_lto/d'\'''
lt_cv_sys_global_symbol_to_c_name_address='sed -n -e '\''s/^: \(.*\) .*$/  {"\1", (void *) 0},/p'\'' -e '\''s/^[ABCDGIRSTW][ABCDGIRSTW]* .* \(.*\)$/  {"\1", (void *) \&\1},/p'\'''
lt_cv_sys_global_symbol_to_c_name_address_lib_prefix='sed -n -e '\''s/^: \(.*\) .*$/  {"\1", (void *) 0},/p'\'' -e '\''s/^[ABCDGIRSTW][ABCDGIRSTW]* .* \(lib.*\)$/  {"\1", (void *) \&\1},/p'\'' -e '\''s/^[ABCDGIRSTW][ABCDGIRSTW]* .* \(.*\)$/  {"lib\1", (void *) \&\1},/p'\'''
lt_cv_sys_global_symbol_to_cdecl='sed -n -e '\''s/^T .* \(.*\)$/extern int \1();/p'\'' -e '\''s/^[ABCDGIRSTW][ABCDGIRSTW]* .* \(.*\)$/extern char \1;/p'\'''
lt_cv_sys_global_symbol_to_import=
lt_cv_sys_max_cmd_len=1572864
lt_cv_to_host_file_cmd=func_convert_file_noop
lt_cv_to_tool_file_cmd=func_convert_file_noop
lt_cv_truncate_bin='/bin/dd bs=4096 count=1'

## ----------------- ##
## Output variables. ##
## ----------------- ##

ACLOCAL='${SHELL} /root/git/inspect/missing aclocal-1.15'
AMDEPBACKSLASH='\'
AMDEP_FALSE='#'
AMDEP_TRUE=''
AMTAR='$${TAR-tar}'
AM_BACKSLASH='\'
AM_DEFAULT_V='$(AM_DEFAULT_VERBOSITY)'
AM_DEFAULT_VERBOSITY='1'
AM_V='$(V)'
AR='ar'
AUTOCONF='${SHELL} /root/git/inspect/missing autoconf'
AUTOHEADER='${SHELL} /root/git/inspect/missing autoheader'
AUTOMAKE='${SHELL} /root/git/inspect/missing automake-1.15'
AWK='gawk'
CC='gcc'
CCDEPMODE='depmode=none'
CFLAGS='-g -O2'
CPP='gcc -E'
CPPFLAGS=''
CXX='g++'
CXXCPP='g++ -E'
CXXDEPMODE='depmode=none'
CXXFLAGS='-g -O2'
CYGPATH_W='echo'
DEFS='-DHAVE_CONFIG_H'
DEPDIR='.deps'
DLLTOOL='false'
DSYMUTIL=''
DUMPBIN=''
ECHO_C=''
ECHO_N='-n'
ECHO_T=''
EGREP='/bin/grep -E'
EXEEXT=''
FGREP='/bin/grep -F'
GREP='/bin/grep'
INSTALL_DATA='${INSTALL} -m 644'
INSTALL_PROGRAM='${INSTALL}'
INSTALL_SCRIPT='${INSTALL}'
INSTALL_STRIP_PROGRAM='$(install_sh) -c -s'
LD='/usr/bin/ld -m elf_x86_64'
LDFLAGS=''
LIBOBJS=''
LIBS='-lpcap -lpthread '
LIBTOOL='$(SHELL) $(top_builddir)/libtool'
LIPO=''
LN_S='ln -s'
LTLIBOBJS=''
LT_SYS_LIBRARY_PATH=''
MAKEINFO='${SHELL} /root/git/inspect/missing makeinfo'
MANIFEST_TOOL=':'
MKDIR_P='/bin/mkdir -p'
NM='/usr/bin/nm -B'
NMEDIT=''
OBJDUMP='objdump'
OBJEXT='o'
OTOOL64=''
OTOOL=''
PACKAGE='inspect'
PACKAGE_BUGREPORT='kinow83@gmail.com'
PACKAGE_NAME='inspect'
PACKAGE_STRING='inspect 1.0.0'
PACKAGE_TARNAME='inspect'
PACKAGE_URL=''
PACKAGE_VERSION='1.0.0'
PATH_SEPARATOR=':'
RANLIB='ranlib'
SED='/bin/sed'
SET_MAKE=''
SHELL='/bin/bash'
STRIP='strip'
VERSION='1.0.0'
ac_ct_AR='ar'
ac_ct_CC='gcc'
ac_ct_CXX='g++'
ac_ct_DUMPBIN=''
am__EXEEXT_FALSE=''
am__EXEEXT_TRUE='#'
am__fastdepCC_FALSE=''
am__fastdepCC_TRUE='#'
am__fastdepCXX_FALSE=''
am__fastdepCXX_TRUE='#'
am__include='include'
am__isrc=''
am__leading_dot='.'
am__nodep='_no'
am__quote=''
am__tar='$${TAR-tar} chof - "$$tardir"'
am__untar='$${TAR-tar} xf -'
bindir='${exec_prefix}/bin'
build='x86_64-pc-linux-gnu'
build_alias=''
build_cpu='x86_64'
build_os='linux-gnu'
build_vendor='pc'
datadir='${datarootdir}'
datarootdir='${prefix}/share'
docdir='${datarootdir}/doc/${PACKAGE_TARNAME}'
dvidir='${docdir}'
exec_prefix='${prefix}'
host='x86_64-pc-linux-gnu'
host_alias=''
host_cpu='x86_64'
host_os='linux-gnu'
host_vendor='pc'
htmldir='${docdir}'
includedir='${prefix}/include'
infodir='${datarootdir}/info'
install_sh='${SHELL} /root/git/inspect/install-sh'
libdir='${exec_prefix}/lib'
libexecdir='${exec_prefix}/libexec'
localedir='${datarootdir}/locale'
localstatedir='${prefix}/var'
mandir='${datarootdir}/man'
mkdir_p='$(MKDIR_P)'
oldincludedir='/usr/include'
pdfdir='${docdir}'
prefix='/usr/local'
program_transform_name='s,x,x,'
psdir='${docdir}'
runstatedir='${localstatedir}/run'
sbindir='${exec_prefix}/sbin'
sharedstatedir='${prefix}/com'
sysconfdir='${prefix}/etc'
target_alias=''

## ----------- ##
## confdefs.h. ##
## ----------- ##

/* confdefs.h */
#define PACKAGE_NAME "inspect"
#define PACKAGE_TARNAME "inspect"
#define PACKAGE_VERSION "1.0.0"
#define PACKAGE_STRING "inspect 1.0.0"
#define PACKAGE_BUGREPORT "kinow83@gmail.com"
#define PACKAGE_URL ""
#define PACKAGE "inspect"
#define VERSION "1.0.0"
#define STDC_HEADERS 1
#define HAVE_SYS_TYPES_H 1
#define HAVE_SYS_STAT_H 1
#define HAVE_STDLIB_H 1
#define HAVE_STRING_H 1
#define HAVE_MEMORY_H 1
#define HAVE_STRINGS_H 1
#define HAVE_INTTYPES_H 1
#define HAVE_STDINT_H 1
#define HAVE_UNISTD_H 1
#define HAVE_DLFCN_H 1
#define LT_OBJDIR ".libs/"
#define HAVE_LIBPTHREAD 1
#define HAVE_PCAP_H 1
#define HAVE_LIBPCAP 1
#define HAVE__BOOL 1
#define HAVE_STDBOOL_H 1
#define HAVE_FORK 1
#define HAVE_VFORK 1
#define HAVE_WORKING_VFORK 1
#define HAVE_WORKING_FORK 1
#define HAVE_STDLIB_H 1
#define HAVE_MALLOC 1

configure: exit 0

## ---------------------- ##
## Running config.status. ##
## ---------------------- ##

This file was extended by inspect config.status 1.0.0, which was
generated by GNU Autoconf 2.69.  Invocation command line was

  CONFIG_FILES    = 
  CONFIG_HEADERS  = 
  CONFIG_LINKS    = 
  CONFIG_COMMANDS = 
  $ ./config.status 

on mint-dev

config.status:1165: creating Makefile
config.status:1165: creating src/Makefile
config.status:1165: creating src/ezxml/Makefile
config.status:1165: creating src/output_modules/Makefile
config.status:1165: creating src/parser_modules/Makefile
config.status:1165: creating src/match_modules/Makefile
config.status:1165: creating src/rtx_modules/Makefile
config.status:1165: creating src/osdep/Makefile
config.status:1165: creating config.h
config.status:1346: config.h is unchanged
config.status:1394: executing depfiles commands
config.status:1394: executing libtool commands

## ---------------------- ##
## Running config.status. ##
## ---------------------- ##

This file was extended by inspect config.status 1.0.0, which was
generated by GNU Autoconf 2.69.  Invocation command line was

  CONFIG_FILES    = 
  CONFIG_HEADERS  = 
  CONFIG_LINKS    = 
  CONFIG_COMMANDS = 
  $ ./config.status config.h

on mint-dev

config.status:1165: creating config.h
config.status:1346: config.h is unchanged
