This file contains any messages produced by compilers while
running configure, to aid debugging if configure makes a mistake.

It was created by ezxml configure 1.0.0, which was
generated by GNU Autoconf 2.69.  Invocation command line was

  $ ./configure 

## --------- ##
## Platform. ##
## --------- ##

hostname = kinow-mint
uname -m = x86_64
uname -r = 4.4.0-83-generic
uname -s = Linux
uname -v = #106-Ubuntu SMP Mon Jun 26 17:54:43 UTC 2017

/usr/bin/uname -p = unknown
/bin/uname -X     = unknown

/bin/arch              = unknown
/usr/bin/arch -k       = unknown
/usr/convex/getsysinfo = unknown
/usr/bin/hostinfo      = unknown
/bin/machine           = unknown
/usr/bin/oslevel       = unknown
/bin/universe          = unknown

PATH: /usr/local/sbin
PATH: /usr/local/bin
PATH: /usr/sbin
PATH: /usr/bin
PATH: /sbin
PATH: /bin


## ----------- ##
## Core tests. ##
## ----------- ##

configure:2469: checking for a BSD-compatible install
configure:2537: result: /usr/bin/install -c
configure:2548: checking whether build environment is sane
configure:2603: result: yes
configure:2754: checking for a thread-safe mkdir -p
configure:2793: result: /bin/mkdir -p
configure:2800: checking for gawk
configure:2816: found /usr/bin/gawk
configure:2827: result: gawk
configure:2838: checking whether make sets $(MAKE)
configure:2860: result: yes
configure:2889: checking whether make supports nested variables
configure:2906: result: yes
configure:3092: checking for g++
configure:3108: found /usr/bin/g++
configure:3119: result: g++
configure:3146: checking for C++ compiler version
configure:3155: g++ --version >&5
g++ (Ubuntu 5.4.0-6ubuntu1~16.04.4) 5.4.0 20160609
Copyright (C) 2015 Free Software Foundation, Inc.
This is free software; see the source for copying conditions.  There is NO
warranty; not even for MERCHANTABILITY or FITNESS FOR A PARTICULAR PURPOSE.

configure:3166: $? = 0
configure:3155: g++ -v >&5
Using built-in specs.
COLLECT_GCC=g++
COLLECT_LTO_WRAPPER=/usr/lib/gcc/x86_64-linux-gnu/5/lto-wrapper
Target: x86_64-linux-gnu
Configured with: ../src/configure -v --with-pkgversion='Ubuntu 5.4.0-6ubuntu1~16.04.4' --with-bugurl=file:///usr/share/doc/gcc-5/README.Bugs --enable-languages=c,ada,c++,java,go,d,fortran,objc,obj-c++ --prefix=/usr --program-suffix=-5 --enable-shared --enable-linker-build-id --libexecdir=/usr/lib --without-included-gettext --enable-threads=posix --libdir=/usr/lib --enable-nls --with-sysroot=/ --enable-clocale=gnu --enable-libstdcxx-debug --enable-libstdcxx-time=yes --with-default-libstdcxx-abi=new --enable-gnu-unique-object --disable-vtable-verify --enable-libmpx --enable-plugin --with-system-zlib --disable-browser-plugin --enable-java-awt=gtk --enable-gtk-cairo --with-java-home=/usr/lib/jvm/java-1.5.0-gcj-5-amd64/jre --enable-java-home --with-jvm-root-dir=/usr/lib/jvm/java-1.5.0-gcj-5-amd64 --with-jvm-jar-dir=/usr/lib/jvm-exports/java-1.5.0-gcj-5-amd64 --with-arch-directory=amd64 --with-ecj-jar=/usr/share/java/eclipse-ecj.jar --enable-objc-gc --enable-multiarch --disable-werror --with-arch-32=i686 --with-abi=m64 --with-multilib-list=m32,m64,mx32 --enable-multilib --with-tune=generic --enable-checking=release --build=x86_64-linux-gnu --host=x86_64-linux-gnu --target=x86_64-linux-gnu
Thread model: posix
gcc version 5.4.0 20160609 (Ubuntu 5.4.0-6ubuntu1~16.04.4) 
configure:3166: $? = 0
configure:3155: g++ -V >&5
g++: error: unrecognized command line option '-V'
g++: fatal error: no input files
compilation terminated.
configure:3166: $? = 1
configure:3155: g++ -qversion >&5
g++: error: unrecognized command line option '-qversion'
g++: fatal error: no input files
compilation terminated.
configure:3166: $? = 1
configure:3186: checking whether the C++ compiler works
configure:3208: g++    conftest.cpp  >&5
configure:3212: $? = 0
configure:3260: result: yes
configure:3263: checking for C++ compiler default output file name
configure:3265: result: a.out
configure:3271: checking for suffix of executables
configure:3278: g++ -o conftest    conftest.cpp  >&5
configure:3282: $? = 0
configure:3304: result: 
configure:3326: checking whether we are cross compiling
configure:3334: g++ -o conftest    conftest.cpp  >&5
configure:3338: $? = 0
configure:3345: ./conftest
configure:3349: $? = 0
configure:3364: result: no
configure:3369: checking for suffix of object files
configure:3391: g++ -c   conftest.cpp >&5
configure:3395: $? = 0
configure:3416: result: o
configure:3420: checking whether we are using the GNU C++ compiler
configure:3439: g++ -c   conftest.cpp >&5
configure:3439: $? = 0
configure:3448: result: yes
configure:3457: checking whether g++ accepts -g
configure:3477: g++ -c -g  conftest.cpp >&5
configure:3477: $? = 0
configure:3518: result: yes
configure:3552: checking for style of include used by make
configure:3580: result: GNU
configure:3606: checking dependency style of g++
configure:3717: result: gcc3
configure:3736: checking for gawk
configure:3763: result: gawk
configure:3822: checking for gcc
configure:3838: found /usr/bin/gcc
configure:3849: result: gcc
configure:4078: checking for C compiler version
configure:4087: gcc --version >&5
gcc (Ubuntu 5.4.0-6ubuntu1~16.04.4) 5.4.0 20160609
Copyright (C) 2015 Free Software Foundation, Inc.
This is free software; see the source for copying conditions.  There is NO
warranty; not even for MERCHANTABILITY or FITNESS FOR A PARTICULAR PURPOSE.

configure:4098: $? = 0
configure:4087: gcc -v >&5
Using built-in specs.
COLLECT_GCC=gcc
COLLECT_LTO_WRAPPER=/usr/lib/gcc/x86_64-linux-gnu/5/lto-wrapper
Target: x86_64-linux-gnu
Configured with: ../src/configure -v --with-pkgversion='Ubuntu 5.4.0-6ubuntu1~16.04.4' --with-bugurl=file:///usr/share/doc/gcc-5/README.Bugs --enable-languages=c,ada,c++,java,go,d,fortran,objc,obj-c++ --prefix=/usr --program-suffix=-5 --enable-shared --enable-linker-build-id --libexecdir=/usr/lib --without-included-gettext --enable-threads=posix --libdir=/usr/lib --enable-nls --with-sysroot=/ --enable-clocale=gnu --enable-libstdcxx-debug --enable-libstdcxx-time=yes --with-default-libstdcxx-abi=new --enable-gnu-unique-object --disable-vtable-verify --enable-libmpx --enable-plugin --with-system-zlib --disable-browser-plugin --enable-java-awt=gtk --enable-gtk-cairo --with-java-home=/usr/lib/jvm/java-1.5.0-gcj-5-amd64/jre --enable-java-home --with-jvm-root-dir=/usr/lib/jvm/java-1.5.0-gcj-5-amd64 --with-jvm-jar-dir=/usr/lib/jvm-exports/java-1.5.0-gcj-5-amd64 --with-arch-directory=amd64 --with-ecj-jar=/usr/share/java/eclipse-ecj.jar --enable-objc-gc --enable-multiarch --disable-werror --with-arch-32=i686 --with-abi=m64 --with-multilib-list=m32,m64,mx32 --enable-multilib --with-tune=generic --enable-checking=release --build=x86_64-linux-gnu --host=x86_64-linux-gnu --target=x86_64-linux-gnu
Thread model: posix
gcc version 5.4.0 20160609 (Ubuntu 5.4.0-6ubuntu1~16.04.4) 
configure:4098: $? = 0
configure:4087: gcc -V >&5
gcc: error: unrecognized command line option '-V'
gcc: fatal error: no input files
compilation terminated.
configure:4098: $? = 1
configure:4087: gcc -qversion >&5
gcc: error: unrecognized command line option '-qversion'
gcc: fatal error: no input files
compilation terminated.
configure:4098: $? = 1
configure:4102: checking whether we are using the GNU C compiler
configure:4121: gcc -c   conftest.c >&5
configure:4121: $? = 0
configure:4130: result: yes
configure:4139: checking whether gcc accepts -g
configure:4159: gcc -c -g  conftest.c >&5
configure:4159: $? = 0
configure:4200: result: yes
configure:4217: checking for gcc option to accept ISO C89
configure:4280: gcc  -c -g -O2  conftest.c >&5
configure:4280: $? = 0
configure:4293: result: none needed
configure:4318: checking whether gcc understands -c and -o together
configure:4340: gcc -c conftest.c -o conftest2.o
configure:4343: $? = 0
configure:4340: gcc -c conftest.c -o conftest2.o
configure:4343: $? = 0
configure:4355: result: yes
configure:4374: checking dependency style of gcc
configure:4485: result: gcc3
configure:4505: checking how to run the C preprocessor
configure:4536: gcc -E  conftest.c
configure:4536: $? = 0
configure:4550: gcc -E  conftest.c
conftest.c:11:28: fatal error: ac_nonexistent.h: No such file or directory
compilation terminated.
configure:4550: $? = 1
configure: failed program was:
| /* confdefs.h */
| #define PACKAGE_NAME "ezxml"
| #define PACKAGE_TARNAME "ezxml"
| #define PACKAGE_VERSION "1.0.0"
| #define PACKAGE_STRING "ezxml 1.0.0"
| #define PACKAGE_BUGREPORT "kinow83@gmail.com"
| #define PACKAGE_URL ""
| #define PACKAGE "ezxml"
| #define VERSION "1.0.0"
| /* end confdefs.h.  */
| #include <ac_nonexistent.h>
configure:4575: result: gcc -E
configure:4595: gcc -E  conftest.c
configure:4595: $? = 0
configure:4609: gcc -E  conftest.c
conftest.c:11:28: fatal error: ac_nonexistent.h: No such file or directory
compilation terminated.
configure:4609: $? = 1
configure: failed program was:
| /* confdefs.h */
| #define PACKAGE_NAME "ezxml"
| #define PACKAGE_TARNAME "ezxml"
| #define PACKAGE_VERSION "1.0.0"
| #define PACKAGE_STRING "ezxml 1.0.0"
| #define PACKAGE_BUGREPORT "kinow83@gmail.com"
| #define PACKAGE_URL ""
| #define PACKAGE "ezxml"
| #define VERSION "1.0.0"
| /* end confdefs.h.  */
| #include <ac_nonexistent.h>
configure:4638: checking whether ln -s works
configure:4642: result: yes
configure:4649: checking whether make sets $(MAKE)
configure:4671: result: yes
configure:4723: checking for ranlib
configure:4739: found /usr/bin/ranlib
configure:4750: result: ranlib
configure:4801: checking build system type
configure:4815: result: x86_64-pc-linux-gnu
configure:4835: checking host system type
configure:4848: result: x86_64-pc-linux-gnu
configure:4889: checking how to print strings
configure:4916: result: printf
configure:4937: checking for a sed that does not truncate output
configure:5001: result: /bin/sed
configure:5019: checking for grep that handles long lines and -e
configure:5077: result: /bin/grep
configure:5082: checking for egrep
configure:5144: result: /bin/grep -E
configure:5149: checking for fgrep
configure:5211: result: /bin/grep -F
configure:5246: checking for ld used by gcc
configure:5313: result: /usr/bin/ld
configure:5320: checking if the linker (/usr/bin/ld) is GNU ld
configure:5335: result: yes
configure:5347: checking for BSD- or MS-compatible name lister (nm)
configure:5401: result: /usr/bin/nm -B
configure:5531: checking the name lister (/usr/bin/nm -B) interface
configure:5538: gcc -c -g -O2  conftest.c >&5
configure:5541: /usr/bin/nm -B "conftest.o"
configure:5544: output
0000000000000000 B some_variable
configure:5551: result: BSD nm
configure:5555: checking the maximum length of command line arguments
configure:5686: result: 1572864
configure:5734: checking how to convert x86_64-pc-linux-gnu file names to x86_64-pc-linux-gnu format
configure:5774: result: func_convert_file_noop
configure:5781: checking how to convert x86_64-pc-linux-gnu file names to toolchain format
configure:5801: result: func_convert_file_noop
configure:5808: checking for /usr/bin/ld option to reload object files
configure:5815: result: -r
configure:5889: checking for objdump
configure:5905: found /usr/bin/objdump
configure:5916: result: objdump
configure:5948: checking how to recognize dependent libraries
configure:6148: result: pass_all
configure:6233: checking for dlltool
configure:6263: result: no
configure:6293: checking how to associate runtime and link libraries
configure:6320: result: printf %s\n
configure:6381: checking for ar
configure:6397: found /usr/bin/ar
configure:6408: result: ar
configure:6445: checking for archiver @FILE support
configure:6462: gcc -c -g -O2  conftest.c >&5
configure:6462: $? = 0
configure:6465: ar cru libconftest.a @conftest.lst >&5
ar: `u' modifier ignored since `D' is the default (see `U')
configure:6468: $? = 0
configure:6473: ar cru libconftest.a @conftest.lst >&5
ar: `u' modifier ignored since `D' is the default (see `U')
ar: conftest.o: No such file or directory
configure:6476: $? = 1
configure:6488: result: @
configure:6546: checking for strip
configure:6562: found /usr/bin/strip
configure:6573: result: strip
configure:6645: checking for ranlib
configure:6672: result: ranlib
configure:6774: checking command to parse /usr/bin/nm -B output from gcc object
configure:6927: gcc -c -g -O2  conftest.c >&5
configure:6930: $? = 0
configure:6934: /usr/bin/nm -B conftest.o \| sed -n -e 's/^.*[ ]\([ABCDGIRSTW][ABCDGIRSTW]*\)[ ][ ]*\([_A-Za-z][_A-Za-z0-9]*\)$/\1 \2 \2/p' | sed '/ __gnu_lto/d' \> conftest.nm
configure:6937: $? = 0
configure:7003: gcc -o conftest -g -O2   conftest.c conftstm.o >&5
configure:7006: $? = 0
configure:7044: result: ok
configure:7091: checking for sysroot
configure:7121: result: no
configure:7128: checking for a working dd
configure:7166: result: /bin/dd
configure:7170: checking how to truncate binary pipes
configure:7185: result: /bin/dd bs=4096 count=1
configure:7321: gcc -c -g -O2  conftest.c >&5
configure:7324: $? = 0
configure:7514: checking for mt
configure:7530: found /bin/mt
configure:7541: result: mt
configure:7564: checking if mt is a manifest tool
configure:7570: mt '-?'
configure:7578: result: no
configure:8251: checking for ANSI C header files
configure:8271: gcc -c -g -O2  conftest.c >&5
configure:8271: $? = 0
configure:8344: gcc -o conftest -g -O2   conftest.c  >&5
configure:8344: $? = 0
configure:8344: ./conftest
configure:8344: $? = 0
configure:8355: result: yes
configure:8368: checking for sys/types.h
configure:8368: gcc -c -g -O2  conftest.c >&5
configure:8368: $? = 0
configure:8368: result: yes
configure:8368: checking for sys/stat.h
configure:8368: gcc -c -g -O2  conftest.c >&5
configure:8368: $? = 0
configure:8368: result: yes
configure:8368: checking for stdlib.h
configure:8368: gcc -c -g -O2  conftest.c >&5
configure:8368: $? = 0
configure:8368: result: yes
configure:8368: checking for string.h
configure:8368: gcc -c -g -O2  conftest.c >&5
configure:8368: $? = 0
configure:8368: result: yes
configure:8368: checking for memory.h
configure:8368: gcc -c -g -O2  conftest.c >&5
configure:8368: $? = 0
configure:8368: result: yes
configure:8368: checking for strings.h
configure:8368: gcc -c -g -O2  conftest.c >&5
configure:8368: $? = 0
configure:8368: result: yes
configure:8368: checking for inttypes.h
configure:8368: gcc -c -g -O2  conftest.c >&5
configure:8368: $? = 0
configure:8368: result: yes
configure:8368: checking for stdint.h
configure:8368: gcc -c -g -O2  conftest.c >&5
configure:8368: $? = 0
configure:8368: result: yes
configure:8368: checking for unistd.h
configure:8368: gcc -c -g -O2  conftest.c >&5
configure:8368: $? = 0
configure:8368: result: yes
configure:8382: checking for dlfcn.h
configure:8382: gcc -c -g -O2  conftest.c >&5
configure:8382: $? = 0
configure:8382: result: yes
configure:8649: checking for objdir
configure:8664: result: .libs
configure:8924: checking if gcc supports -fno-rtti -fno-exceptions
configure:8942: gcc -c -g -O2  -fno-rtti -fno-exceptions conftest.c >&5
cc1: warning: command line option '-fno-rtti' is valid for C++/ObjC++ but not for C
configure:8946: $? = 0
configure:8959: result: no
configure:9317: checking for gcc option to produce PIC
configure:9324: result: -fPIC -DPIC
configure:9332: checking if gcc PIC flag -fPIC -DPIC works
configure:9350: gcc -c -g -O2  -fPIC -DPIC -DPIC conftest.c >&5
configure:9354: $? = 0
configure:9367: result: yes
configure:9396: checking if gcc static flag -static works
configure:9424: result: yes
configure:9439: checking if gcc supports -c -o file.o
configure:9460: gcc -c -g -O2  -o out/conftest2.o conftest.c >&5
configure:9464: $? = 0
configure:9486: result: yes
configure:9494: checking if gcc supports -c -o file.o
configure:9541: result: yes
configure:9574: checking whether the gcc linker (/usr/bin/ld -m elf_x86_64) supports shared libraries
configure:10837: result: yes
configure:10874: checking whether -lc should be explicitly linked in
configure:10882: gcc -c -g -O2  conftest.c >&5
configure:10885: $? = 0
configure:10900: gcc -shared  -fPIC -DPIC conftest.o  -v -Wl,-soname -Wl,conftest -o conftest 2\>\&1 \| /bin/grep  -lc  \>/dev/null 2\>\&1
configure:10903: $? = 0
configure:10917: result: no
configure:11077: checking dynamic linker characteristics
configure:11658: gcc -o conftest -g -O2   -Wl,-rpath -Wl,/foo conftest.c  >&5
configure:11658: $? = 0
configure:11907: result: GNU/Linux ld.so
configure:12029: checking how to hardcode library paths into programs
configure:12054: result: immediate
configure:12602: checking whether stripping libraries is possible
configure:12607: result: yes
configure:12642: checking if libtool supports shared libraries
configure:12644: result: yes
configure:12647: checking whether to build shared libraries
configure:12672: result: yes
configure:12675: checking whether to build static libraries
configure:12679: result: yes
configure:12702: checking how to run the C++ preprocessor
configure:12729: g++ -E  conftest.cpp
configure:12729: $? = 0
configure:12743: g++ -E  conftest.cpp
conftest.cpp:23:28: fatal error: ac_nonexistent.h: No such file or directory
compilation terminated.
configure:12743: $? = 1
configure: failed program was:
| /* confdefs.h */
| #define PACKAGE_NAME "ezxml"
| #define PACKAGE_TARNAME "ezxml"
| #define PACKAGE_VERSION "1.0.0"
| #define PACKAGE_STRING "ezxml 1.0.0"
| #define PACKAGE_BUGREPORT "kinow83@gmail.com"
| #define PACKAGE_URL ""
| #define PACKAGE "ezxml"
| #define VERSION "1.0.0"
| #define STDC_HEADERS 1
| #define HAVE_SYS_TYPES_H 1
| #define HAVE_SYS_STAT_H 1
| #define HAVE_STDLIB_H 1
| #define HAVE_STRING_H 1
| #define HAVE_MEMORY_H 1
| #define HAVE_STRINGS_H 1
| #define HAVE_INTTYPES_H 1
| #define HAVE_STDINT_H 1
| #define HAVE_UNISTD_H 1
| #define HAVE_DLFCN_H 1
| #define LT_OBJDIR ".libs/"
| /* end confdefs.h.  */
| #include <ac_nonexistent.h>
configure:12768: result: g++ -E
configure:12788: g++ -E  conftest.cpp
configure:12788: $? = 0
configure:12802: g++ -E  conftest.cpp
conftest.cpp:23:28: fatal error: ac_nonexistent.h: No such file or directory
compilation terminated.
configure:12802: $? = 1
configure: failed program was:
| /* confdefs.h */
| #define PACKAGE_NAME "ezxml"
| #define PACKAGE_TARNAME "ezxml"
| #define PACKAGE_VERSION "1.0.0"
| #define PACKAGE_STRING "ezxml 1.0.0"
| #define PACKAGE_BUGREPORT "kinow83@gmail.com"
| #define PACKAGE_URL ""
| #define PACKAGE "ezxml"
| #define VERSION "1.0.0"
| #define STDC_HEADERS 1
| #define HAVE_SYS_TYPES_H 1
| #define HAVE_SYS_STAT_H 1
| #define HAVE_STDLIB_H 1
| #define HAVE_STRING_H 1
| #define HAVE_MEMORY_H 1
| #define HAVE_STRINGS_H 1
| #define HAVE_INTTYPES_H 1
| #define HAVE_STDINT_H 1
| #define HAVE_UNISTD_H 1
| #define HAVE_DLFCN_H 1
| #define LT_OBJDIR ".libs/"
| /* end confdefs.h.  */
| #include <ac_nonexistent.h>
configure:12964: checking for ld used by g++
configure:13031: result: /usr/bin/ld -m elf_x86_64
configure:13038: checking if the linker (/usr/bin/ld -m elf_x86_64) is GNU ld
configure:13053: result: yes
configure:13108: checking whether the g++ linker (/usr/bin/ld -m elf_x86_64) supports shared libraries
configure:14181: result: yes
configure:14217: g++ -c -g -O2  conftest.cpp >&5
configure:14220: $? = 0
configure:14701: checking for g++ option to produce PIC
configure:14708: result: -fPIC -DPIC
configure:14716: checking if g++ PIC flag -fPIC -DPIC works
configure:14734: g++ -c -g -O2  -fPIC -DPIC -DPIC conftest.cpp >&5
configure:14738: $? = 0
configure:14751: result: yes
configure:14774: checking if g++ static flag -static works
configure:14802: result: yes
configure:14814: checking if g++ supports -c -o file.o
configure:14835: g++ -c -g -O2  -o out/conftest2.o conftest.cpp >&5
configure:14839: $? = 0
configure:14861: result: yes
configure:14866: checking if g++ supports -c -o file.o
configure:14913: result: yes
configure:14943: checking whether the g++ linker (/usr/bin/ld -m elf_x86_64) supports shared libraries
configure:14986: result: yes
configure:15127: checking dynamic linker characteristics
configure:15884: result: GNU/Linux ld.so
configure:15949: checking how to hardcode library paths into programs
configure:15974: result: immediate
configure:16042: checking fcntl.h usability
configure:16042: gcc -c -g -O2  conftest.c >&5
configure:16042: $? = 0
configure:16042: result: yes
configure:16042: checking fcntl.h presence
configure:16042: gcc -E  conftest.c
configure:16042: $? = 0
configure:16042: result: yes
configure:16042: checking for fcntl.h
configure:16042: result: yes
configure:16042: checking for stdlib.h
configure:16042: result: yes
configure:16042: checking for string.h
configure:16042: result: yes
configure:16042: checking for unistd.h
configure:16042: result: yes
configure:16054: checking for size_t
configure:16054: gcc -c -g -O2  conftest.c >&5
configure:16054: $? = 0
configure:16054: gcc -c -g -O2  conftest.c >&5
conftest.c: In function 'main':
conftest.c:63:21: error: expected expression before ')' token
 if (sizeof ((size_t)))
                     ^
configure:16054: $? = 1
configure: failed program was:
| /* confdefs.h */
| #define PACKAGE_NAME "ezxml"
| #define PACKAGE_TARNAME "ezxml"
| #define PACKAGE_VERSION "1.0.0"
| #define PACKAGE_STRING "ezxml 1.0.0"
| #define PACKAGE_BUGREPORT "kinow83@gmail.com"
| #define PACKAGE_URL ""
| #define PACKAGE "ezxml"
| #define VERSION "1.0.0"
| #define STDC_HEADERS 1
| #define HAVE_SYS_TYPES_H 1
| #define HAVE_SYS_STAT_H 1
| #define HAVE_STDLIB_H 1
| #define HAVE_STRING_H 1
| #define HAVE_MEMORY_H 1
| #define HAVE_STRINGS_H 1
| #define HAVE_INTTYPES_H 1
| #define HAVE_STDINT_H 1
| #define HAVE_UNISTD_H 1
| #define HAVE_DLFCN_H 1
| #define LT_OBJDIR ".libs/"
| #define HAVE_FCNTL_H 1
| #define HAVE_STDLIB_H 1
| #define HAVE_STRING_H 1
| #define HAVE_UNISTD_H 1
| /* end confdefs.h.  */
| #include <stdio.h>
| #ifdef HAVE_SYS_TYPES_H
| # include <sys/types.h>
| #endif
| #ifdef HAVE_SYS_STAT_H
| # include <sys/stat.h>
| #endif
| #ifdef STDC_HEADERS
| # include <stdlib.h>
| # include <stddef.h>
| #else
| # ifdef HAVE_STDLIB_H
| #  include <stdlib.h>
| # endif
| #endif
| #ifdef HAVE_STRING_H
| # if !defined STDC_HEADERS && defined HAVE_MEMORY_H
| #  include <memory.h>
| # endif
| # include <string.h>
| #endif
| #ifdef HAVE_STRINGS_H
| # include <strings.h>
| #endif
| #ifdef HAVE_INTTYPES_H
| # include <inttypes.h>
| #endif
| #ifdef HAVE_STDINT_H
| # include <stdint.h>
| #endif
| #ifdef HAVE_UNISTD_H
| # include <unistd.h>
| #endif
| int
| main ()
| {
| if (sizeof ((size_t)))
| 	    return 0;
|   ;
|   return 0;
| }
configure:16054: result: yes
configure:16069: checking for stdlib.h
configure:16069: result: yes
configure:16079: checking for GNU libc compatible malloc
configure:16103: gcc -o conftest -g -O2   conftest.c  >&5
configure:16103: $? = 0
configure:16103: ./conftest
configure:16103: $? = 0
configure:16113: result: yes
configure:16140: checking for stdlib.h
configure:16140: result: yes
configure:16140: checking for unistd.h
configure:16140: result: yes
configure:16140: checking for sys/param.h
configure:16140: gcc -c -g -O2  conftest.c >&5
configure:16140: $? = 0
configure:16140: result: yes
configure:16160: checking for getpagesize
configure:16160: gcc -o conftest -g -O2   conftest.c  >&5
configure:16160: $? = 0
configure:16160: result: yes
configure:16169: checking for working mmap
configure:16316: gcc -o conftest -g -O2   conftest.c  >&5
configure:16316: $? = 0
configure:16316: ./conftest
configure:16316: $? = 0
configure:16326: result: yes
configure:16337: checking for stdlib.h
configure:16337: result: yes
configure:16347: checking for GNU libc compatible realloc
configure:16371: gcc -o conftest -g -O2   conftest.c  >&5
configure:16371: $? = 0
configure:16371: ./conftest
configure:16371: $? = 0
configure:16381: result: yes
configure:16405: checking for memmove
configure:16405: gcc -o conftest -g -O2   conftest.c  >&5
conftest.c:59:6: warning: conflicting types for built-in function 'memmove'
 char memmove ();
      ^
configure:16405: $? = 0
configure:16405: result: yes
configure:16405: checking for memset
configure:16405: gcc -o conftest -g -O2   conftest.c  >&5
conftest.c:60:6: warning: conflicting types for built-in function 'memset'
 char memset ();
      ^
configure:16405: $? = 0
configure:16405: result: yes
configure:16405: checking for munmap
configure:16405: gcc -o conftest -g -O2   conftest.c  >&5
configure:16405: $? = 0
configure:16405: result: yes
configure:16405: checking for strchr
configure:16405: gcc -o conftest -g -O2   conftest.c  >&5
conftest.c:62:6: warning: conflicting types for built-in function 'strchr'
 char strchr ();
      ^
configure:16405: $? = 0
configure:16405: result: yes
configure:16405: checking for strcspn
configure:16405: gcc -o conftest -g -O2   conftest.c  >&5
conftest.c:63:6: warning: conflicting types for built-in function 'strcspn'
 char strcspn ();
      ^
configure:16405: $? = 0
configure:16405: result: yes
configure:16405: checking for strdup
configure:16405: gcc -o conftest -g -O2   conftest.c  >&5
conftest.c:64:6: warning: conflicting types for built-in function 'strdup'
 char strdup ();
      ^
configure:16405: $? = 0
configure:16405: result: yes
configure:16405: checking for strspn
configure:16405: gcc -o conftest -g -O2   conftest.c  >&5
conftest.c:65:6: warning: conflicting types for built-in function 'strspn'
 char strspn ();
      ^
configure:16405: $? = 0
configure:16405: result: yes
configure:16405: checking for strstr
configure:16405: gcc -o conftest -g -O2   conftest.c  >&5
conftest.c:66:6: warning: conflicting types for built-in function 'strstr'
 char strstr ();
      ^
configure:16405: $? = 0
configure:16405: result: yes
configure:16405: checking for strtol
configure:16405: gcc -o conftest -g -O2   conftest.c  >&5
configure:16405: $? = 0
configure:16405: result: yes
configure:16526: checking that generated files are newer than configure
configure:16532: result: done
configure:16559: creating ./config.status

## ---------------------- ##
## Running config.status. ##
## ---------------------- ##

This file was extended by ezxml config.status 1.0.0, which was
generated by GNU Autoconf 2.69.  Invocation command line was

  CONFIG_FILES    = 
  CONFIG_HEADERS  = 
  CONFIG_LINKS    = 
  CONFIG_COMMANDS = 
  $ ./config.status 

on kinow-mint

config.status:1169: creating Makefile
config.status:1169: creating config.h
config.status:1398: executing depfiles commands
config.status:1398: executing libtool commands

## ---------------- ##
## Cache variables. ##
## ---------------- ##

ac_cv_build=x86_64-pc-linux-gnu
ac_cv_c_compiler_gnu=yes
ac_cv_cxx_compiler_gnu=yes
ac_cv_env_CCC_set=
ac_cv_env_CCC_value=
ac_cv_env_CC_set=
ac_cv_env_CC_value=
ac_cv_env_CFLAGS_set=
ac_cv_env_CFLAGS_value=
ac_cv_env_CPPFLAGS_set=
ac_cv_env_CPPFLAGS_value=
ac_cv_env_CPP_set=
ac_cv_env_CPP_value=
ac_cv_env_CXXCPP_set=
ac_cv_env_CXXCPP_value=
ac_cv_env_CXXFLAGS_set=
ac_cv_env_CXXFLAGS_value=
ac_cv_env_CXX_set=
ac_cv_env_CXX_value=
ac_cv_env_LDFLAGS_set=
ac_cv_env_LDFLAGS_value=
ac_cv_env_LIBS_set=
ac_cv_env_LIBS_value=
ac_cv_env_LT_SYS_LIBRARY_PATH_set=
ac_cv_env_LT_SYS_LIBRARY_PATH_value=
ac_cv_env_build_alias_set=
ac_cv_env_build_alias_value=
ac_cv_env_host_alias_set=
ac_cv_env_host_alias_value=
ac_cv_env_target_alias_set=
ac_cv_env_target_alias_value=
ac_cv_func_getpagesize=yes
ac_cv_func_malloc_0_nonnull=yes
ac_cv_func_memmove=yes
ac_cv_func_memset=yes
ac_cv_func_mmap_fixed_mapped=yes
ac_cv_func_munmap=yes
ac_cv_func_realloc_0_nonnull=yes
ac_cv_func_strchr=yes
ac_cv_func_strcspn=yes
ac_cv_func_strdup=yes
ac_cv_func_strspn=yes
ac_cv_func_strstr=yes
ac_cv_func_strtol=yes
ac_cv_header_dlfcn_h=yes
ac_cv_header_fcntl_h=yes
ac_cv_header_inttypes_h=yes
ac_cv_header_memory_h=yes
ac_cv_header_stdc=yes
ac_cv_header_stdint_h=yes
ac_cv_header_stdlib_h=yes
ac_cv_header_string_h=yes
ac_cv_header_strings_h=yes
ac_cv_header_sys_param_h=yes
ac_cv_header_sys_stat_h=yes
ac_cv_header_sys_types_h=yes
ac_cv_header_unistd_h=yes
ac_cv_host=x86_64-pc-linux-gnu
ac_cv_objext=o
ac_cv_path_EGREP='/bin/grep -E'
ac_cv_path_FGREP='/bin/grep -F'
ac_cv_path_GREP=/bin/grep
ac_cv_path_SED=/bin/sed
ac_cv_path_install='/usr/bin/install -c'
ac_cv_path_lt_DD=/bin/dd
ac_cv_path_mkdir=/bin/mkdir
ac_cv_prog_AWK=gawk
ac_cv_prog_CPP='gcc -E'
ac_cv_prog_CXXCPP='g++ -E'
ac_cv_prog_ac_ct_AR=ar
ac_cv_prog_ac_ct_CC=gcc
ac_cv_prog_ac_ct_CXX=g++
ac_cv_prog_ac_ct_MANIFEST_TOOL=mt
ac_cv_prog_ac_ct_OBJDUMP=objdump
ac_cv_prog_ac_ct_RANLIB=ranlib
ac_cv_prog_ac_ct_STRIP=strip
ac_cv_prog_cc_c89=
ac_cv_prog_cc_g=yes
ac_cv_prog_cxx_g=yes
ac_cv_prog_make_make_set=yes
ac_cv_type_size_t=yes
am_cv_CC_dependencies_compiler_type=gcc3
am_cv_CXX_dependencies_compiler_type=gcc3
am_cv_make_support_nested_variables=yes
am_cv_prog_cc_c_o=yes
lt_cv_ar_at_file=@
lt_cv_archive_cmds_need_lc=no
lt_cv_deplibs_check_method=pass_all
lt_cv_file_magic_cmd='$MAGIC_CMD'
lt_cv_file_magic_test_file=
lt_cv_ld_reload_flag=-r
lt_cv_nm_interface='BSD nm'
lt_cv_objdir=.libs
lt_cv_path_LD=/usr/bin/ld
lt_cv_path_LDCXX='/usr/bin/ld -m elf_x86_64'
lt_cv_path_NM='/usr/bin/nm -B'
lt_cv_path_mainfest_tool=no
lt_cv_prog_compiler_c_o=yes
lt_cv_prog_compiler_c_o_CXX=yes
lt_cv_prog_compiler_pic='-fPIC -DPIC'
lt_cv_prog_compiler_pic_CXX='-fPIC -DPIC'
lt_cv_prog_compiler_pic_works=yes
lt_cv_prog_compiler_pic_works_CXX=yes
lt_cv_prog_compiler_rtti_exceptions=no
lt_cv_prog_compiler_static_works=yes
lt_cv_prog_compiler_static_works_CXX=yes
lt_cv_prog_gnu_ld=yes
lt_cv_prog_gnu_ldcxx=yes
lt_cv_sharedlib_from_linklib_cmd='printf %s\n'
lt_cv_shlibpath_overrides_runpath=no
lt_cv_sys_global_symbol_pipe='sed -n -e '\''s/^.*[	 ]\([ABCDGIRSTW][ABCDGIRSTW]*\)[	 ][	 ]*\([_A-Za-z][_A-Za-z0-9]*\)$/\1 \2 \2/p'\'' | sed '\''/ __gnu_lto/d'\'''
lt_cv_sys_global_symbol_to_c_name_address='sed -n -e '\''s/^: \(.*\) .*$/  {"\1", (void *) 0},/p'\'' -e '\''s/^[ABCDGIRSTW][ABCDGIRSTW]* .* \(.*\)$/  {"\1", (void *) \&\1},/p'\'''
lt_cv_sys_global_symbol_to_c_name_address_lib_prefix='sed -n -e '\''s/^: \(.*\) .*$/  {"\1", (void *) 0},/p'\'' -e '\''s/^[ABCDGIRSTW][ABCDGIRSTW]* .* \(lib.*\)$/  {"\1", (void *) \&\1},/p'\'' -e '\''s/^[ABCDGIRSTW][ABCDGIRSTW]* .* \(.*\)$/  {"lib\1", (void *) \&\1},/p'\'''
lt_cv_sys_global_symbol_to_cdecl='sed -n -e '\''s/^T .* \(.*\)$/extern int \1();/p'\'' -e '\''s/^[ABCDGIRSTW][ABCDGIRSTW]* .* \(.*\)$/extern char \1;/p'\'''
lt_cv_sys_global_symbol_to_import=
lt_cv_sys_max_cmd_len=1572864
lt_cv_to_host_file_cmd=func_convert_file_noop
lt_cv_to_tool_file_cmd=func_convert_file_noop
lt_cv_truncate_bin='/bin/dd bs=4096 count=1'

## ----------------- ##
## Output variables. ##
## ----------------- ##

ACLOCAL='${SHELL} /root/git/inspect/src/missing aclocal-1.15'
AMDEPBACKSLASH='\'
AMDEP_FALSE='#'
AMDEP_TRUE=''
AMTAR='$${TAR-tar}'
AM_BACKSLASH='\'
AM_DEFAULT_V='$(AM_DEFAULT_VERBOSITY)'
AM_DEFAULT_VERBOSITY='1'
AM_V='$(V)'
AR='ar'
AUTOCONF='${SHELL} /root/git/inspect/src/missing autoconf'
AUTOHEADER='${SHELL} /root/git/inspect/src/missing autoheader'
AUTOMAKE='${SHELL} /root/git/inspect/src/missing automake-1.15'
AWK='gawk'
CC='gcc'
CCDEPMODE='depmode=gcc3'
CFLAGS='-g -O2'
CPP='gcc -E'
CPPFLAGS=''
CXX='g++'
CXXCPP='g++ -E'
CXXDEPMODE='depmode=gcc3'
CXXFLAGS='-g -O2'
CYGPATH_W='echo'
DEFS='-DHAVE_CONFIG_H'
DEPDIR='.deps'
DLLTOOL='false'
DSYMUTIL=''
DUMPBIN=''
ECHO_C=''
ECHO_N='-n'
ECHO_T=''
EGREP='/bin/grep -E'
EXEEXT=''
FGREP='/bin/grep -F'
GREP='/bin/grep'
INSTALL_DATA='${INSTALL} -m 644'
INSTALL_PROGRAM='${INSTALL}'
INSTALL_SCRIPT='${INSTALL}'
INSTALL_STRIP_PROGRAM='$(install_sh) -c -s'
LD='/usr/bin/ld -m elf_x86_64'
LDFLAGS=''
LIBOBJS=''
LIBS=''
LIBTOOL='$(SHELL) $(top_builddir)/libtool'
LIPO=''
LN_S='ln -s'
LTLIBOBJS=''
LT_SYS_LIBRARY_PATH=''
MAKEINFO='${SHELL} /root/git/inspect/src/missing makeinfo'
MANIFEST_TOOL=':'
MKDIR_P='/bin/mkdir -p'
NM='/usr/bin/nm -B'
NMEDIT=''
OBJDUMP='objdump'
OBJEXT='o'
OTOOL64=''
OTOOL=''
PACKAGE='ezxml'
PACKAGE_BUGREPORT='kinow83@gmail.com'
PACKAGE_NAME='ezxml'
PACKAGE_STRING='ezxml 1.0.0'
PACKAGE_TARNAME='ezxml'
PACKAGE_URL=''
PACKAGE_VERSION='1.0.0'
PATH_SEPARATOR=':'
RANLIB='ranlib'
SED='/bin/sed'
SET_MAKE=''
SHELL='/bin/bash'
STRIP='strip'
VERSION='1.0.0'
ac_ct_AR='ar'
ac_ct_CC='gcc'
ac_ct_CXX='g++'
ac_ct_DUMPBIN=''
am__EXEEXT_FALSE=''
am__EXEEXT_TRUE='#'
am__fastdepCC_FALSE='#'
am__fastdepCC_TRUE=''
am__fastdepCXX_FALSE='#'
am__fastdepCXX_TRUE=''
am__include='include'
am__isrc=''
am__leading_dot='.'
am__nodep='_no'
am__quote=''
am__tar='$${TAR-tar} chof - "$$tardir"'
am__untar='$${TAR-tar} xf -'
bindir='${exec_prefix}/bin'
build='x86_64-pc-linux-gnu'
build_alias=''
build_cpu='x86_64'
build_os='linux-gnu'
build_vendor='pc'
datadir='${datarootdir}'
datarootdir='${prefix}/share'
docdir='${datarootdir}/doc/${PACKAGE_TARNAME}'
dvidir='${docdir}'
exec_prefix='${prefix}'
host='x86_64-pc-linux-gnu'
host_alias=''
host_cpu='x86_64'
host_os='linux-gnu'
host_vendor='pc'
htmldir='${docdir}'
includedir='${prefix}/include'
infodir='${datarootdir}/info'
install_sh='${SHELL} /root/git/inspect/src/install-sh'
libdir='${exec_prefix}/lib'
libexecdir='${exec_prefix}/libexec'
localedir='${datarootdir}/locale'
localstatedir='${prefix}/var'
mandir='${datarootdir}/man'
mkdir_p='$(MKDIR_P)'
oldincludedir='/usr/include'
pdfdir='${docdir}'
prefix='/usr'
program_transform_name='s,x,x,'
psdir='${docdir}'
runstatedir='${localstatedir}/run'
sbindir='${exec_prefix}/sbin'
sharedstatedir='${prefix}/com'
sysconfdir='${prefix}/etc'
target_alias=''

## ----------- ##
## confdefs.h. ##
## ----------- ##

/* confdefs.h */
#define PACKAGE_NAME "ezxml"
#define PACKAGE_TARNAME "ezxml"
#define PACKAGE_VERSION "1.0.0"
#define PACKAGE_STRING "ezxml 1.0.0"
#define PACKAGE_BUGREPORT "kinow83@gmail.com"
#define PACKAGE_URL ""
#define PACKAGE "ezxml"
#define VERSION "1.0.0"
#define STDC_HEADERS 1
#define HAVE_SYS_TYPES_H 1
#define HAVE_SYS_STAT_H 1
#define HAVE_STDLIB_H 1
#define HAVE_STRING_H 1
#define HAVE_MEMORY_H 1
#define HAVE_STRINGS_H 1
#define HAVE_INTTYPES_H 1
#define HAVE_STDINT_H 1
#define HAVE_UNISTD_H 1
#define HAVE_DLFCN_H 1
#define LT_OBJDIR ".libs/"
#define HAVE_FCNTL_H 1
#define HAVE_STDLIB_H 1
#define HAVE_STRING_H 1
#define HAVE_UNISTD_H 1
#define HAVE_STDLIB_H 1
#define HAVE_MALLOC 1
#define HAVE_STDLIB_H 1
#define HAVE_UNISTD_H 1
#define HAVE_SYS_PARAM_H 1
#define HAVE_GETPAGESIZE 1
#define HAVE_MMAP 1
#define HAVE_STDLIB_H 1
#define HAVE_REALLOC 1
#define HAVE_MEMMOVE 1
#define HAVE_MEMSET 1
#define HAVE_MUNMAP 1
#define HAVE_STRCHR 1
#define HAVE_STRCSPN 1
#define HAVE_STRDUP 1
#define HAVE_STRSPN 1
#define HAVE_STRSTR 1
#define HAVE_STRTOL 1

configure: exit 0
