This file contains any messages produced by compilers while
running configure, to aid debugging if configure makes a mistake.

It was created by inspect configure 1.0.0, which was
generated by GNU Autoconf 2.69.  Invocation command line was

  $ ./configure 

## --------- ##
## Platform. ##
## --------- ##

hostname = kinow-mint
uname -m = x86_64
uname -r = 4.4.0-83-generic
uname -s = Linux
uname -v = #106-Ubuntu SMP Mon Jun 26 17:54:43 UTC 2017

/usr/bin/uname -p = unknown
/bin/uname -X     = unknown

/bin/arch              = unknown
/usr/bin/arch -k       = unknown
/usr/convex/getsysinfo = unknown
/usr/bin/hostinfo      = unknown
/bin/machine           = unknown
/usr/bin/oslevel       = unknown
/bin/universe          = unknown

PATH: /usr/local/sbin
PATH: /usr/local/bin
PATH: /usr/sbin
PATH: /usr/bin
PATH: /sbin
PATH: /bin


## ----------- ##
## Core tests. ##
## ----------- ##

configure:2412: checking for a BSD-compatible install
configure:2480: result: /usr/bin/install -c
configure:2491: checking whether build environment is sane
configure:2546: result: yes
configure:2697: checking for a thread-safe mkdir -p
configure:2736: result: /bin/mkdir -p
configure:2743: checking for gawk
configure:2759: found /usr/bin/gawk
configure:2770: result: gawk
configure:2781: checking whether make sets $(MAKE)
configure:2803: result: yes
configure:2832: checking whether make supports nested variables
configure:2849: result: yes
configure:3035: checking for g++
configure:3051: found /usr/bin/g++
configure:3062: result: g++
configure:3089: checking for C++ compiler version
configure:3098: g++ --version >&5
g++ (Ubuntu 5.4.0-6ubuntu1~16.04.4) 5.4.0 20160609
Copyright (C) 2015 Free Software Foundation, Inc.
This is free software; see the source for copying conditions.  There is NO
warranty; not even for MERCHANTABILITY or FITNESS FOR A PARTICULAR PURPOSE.

configure:3109: $? = 0
configure:3098: g++ -v >&5
Using built-in specs.
COLLECT_GCC=g++
COLLECT_LTO_WRAPPER=/usr/lib/gcc/x86_64-linux-gnu/5/lto-wrapper
Target: x86_64-linux-gnu
Configured with: ../src/configure -v --with-pkgversion='Ubuntu 5.4.0-6ubuntu1~16.04.4' --with-bugurl=file:///usr/share/doc/gcc-5/README.Bugs --enable-languages=c,ada,c++,java,go,d,fortran,objc,obj-c++ --prefix=/usr --program-suffix=-5 --enable-shared --enable-linker-build-id --libexecdir=/usr/lib --without-included-gettext --enable-threads=posix --libdir=/usr/lib --enable-nls --with-sysroot=/ --enable-clocale=gnu --enable-libstdcxx-debug --enable-libstdcxx-time=yes --with-default-libstdcxx-abi=new --enable-gnu-unique-object --disable-vtable-verify --enable-libmpx --enable-plugin --with-system-zlib --disable-browser-plugin --enable-java-awt=gtk --enable-gtk-cairo --with-java-home=/usr/lib/jvm/java-1.5.0-gcj-5-amd64/jre --enable-java-home --with-jvm-root-dir=/usr/lib/jvm/java-1.5.0-gcj-5-amd64 --with-jvm-jar-dir=/usr/lib/jvm-exports/java-1.5.0-gcj-5-amd64 --with-arch-directory=amd64 --with-ecj-jar=/usr/share/java/eclipse-ecj.jar --enable-objc-gc --enable-multiarch --disable-werror --with-arch-32=i686 --with-abi=m64 --with-multilib-list=m32,m64,mx32 --enable-multilib --with-tune=generic --enable-checking=release --build=x86_64-linux-gnu --host=x86_64-linux-gnu --target=x86_64-linux-gnu
Thread model: posix
gcc version 5.4.0 20160609 (Ubuntu 5.4.0-6ubuntu1~16.04.4) 
configure:3109: $? = 0
configure:3098: g++ -V >&5
g++: error: unrecognized command line option '-V'
g++: fatal error: no input files
compilation terminated.
configure:3109: $? = 1
configure:3098: g++ -qversion >&5
g++: error: unrecognized command line option '-qversion'
g++: fatal error: no input files
compilation terminated.
configure:3109: $? = 1
configure:3129: checking whether the C++ compiler works
configure:3151: g++    conftest.cpp  >&5
configure:3155: $? = 0
configure:3203: result: yes
configure:3206: checking for C++ compiler default output file name
configure:3208: result: a.out
configure:3214: checking for suffix of executables
configure:3221: g++ -o conftest    conftest.cpp  >&5
configure:3225: $? = 0
configure:3247: result: 
configure:3269: checking whether we are cross compiling
configure:3277: g++ -o conftest    conftest.cpp  >&5
configure:3281: $? = 0
configure:3288: ./conftest
configure:3292: $? = 0
configure:3307: result: no
configure:3312: checking for suffix of object files
configure:3334: g++ -c   conftest.cpp >&5
configure:3338: $? = 0
configure:3359: result: o
configure:3363: checking whether we are using the GNU C++ compiler
configure:3382: g++ -c   conftest.cpp >&5
configure:3382: $? = 0
configure:3391: result: yes
configure:3400: checking whether g++ accepts -g
configure:3420: g++ -c -g  conftest.cpp >&5
configure:3420: $? = 0
configure:3461: result: yes
configure:3495: checking for style of include used by make
configure:3523: result: GNU
configure:3549: checking dependency style of g++
configure:3660: result: gcc3
configure:3679: checking for gawk
configure:3706: result: gawk
configure:3765: checking for gcc
configure:3781: found /usr/bin/gcc
configure:3792: result: gcc
configure:4021: checking for C compiler version
configure:4030: gcc --version >&5
gcc (Ubuntu 5.4.0-6ubuntu1~16.04.4) 5.4.0 20160609
Copyright (C) 2015 Free Software Foundation, Inc.
This is free software; see the source for copying conditions.  There is NO
warranty; not even for MERCHANTABILITY or FITNESS FOR A PARTICULAR PURPOSE.

configure:4041: $? = 0
configure:4030: gcc -v >&5
Using built-in specs.
COLLECT_GCC=gcc
COLLECT_LTO_WRAPPER=/usr/lib/gcc/x86_64-linux-gnu/5/lto-wrapper
Target: x86_64-linux-gnu
Configured with: ../src/configure -v --with-pkgversion='Ubuntu 5.4.0-6ubuntu1~16.04.4' --with-bugurl=file:///usr/share/doc/gcc-5/README.Bugs --enable-languages=c,ada,c++,java,go,d,fortran,objc,obj-c++ --prefix=/usr --program-suffix=-5 --enable-shared --enable-linker-build-id --libexecdir=/usr/lib --without-included-gettext --enable-threads=posix --libdir=/usr/lib --enable-nls --with-sysroot=/ --enable-clocale=gnu --enable-libstdcxx-debug --enable-libstdcxx-time=yes --with-default-libstdcxx-abi=new --enable-gnu-unique-object --disable-vtable-verify --enable-libmpx --enable-plugin --with-system-zlib --disable-browser-plugin --enable-java-awt=gtk --enable-gtk-cairo --with-java-home=/usr/lib/jvm/java-1.5.0-gcj-5-amd64/jre --enable-java-home --with-jvm-root-dir=/usr/lib/jvm/java-1.5.0-gcj-5-amd64 --with-jvm-jar-dir=/usr/lib/jvm-exports/java-1.5.0-gcj-5-amd64 --with-arch-directory=amd64 --with-ecj-jar=/usr/share/java/eclipse-ecj.jar --enable-objc-gc --enable-multiarch --disable-werror --with-arch-32=i686 --with-abi=m64 --with-multilib-list=m32,m64,mx32 --enable-multilib --with-tune=generic --enable-checking=release --build=x86_64-linux-gnu --host=x86_64-linux-gnu --target=x86_64-linux-gnu
Thread model: posix
gcc version 5.4.0 20160609 (Ubuntu 5.4.0-6ubuntu1~16.04.4) 
configure:4041: $? = 0
configure:4030: gcc -V >&5
gcc: error: unrecognized command line option '-V'
gcc: fatal error: no input files
compilation terminated.
configure:4041: $? = 1
configure:4030: gcc -qversion >&5
gcc: error: unrecognized command line option '-qversion'
gcc: fatal error: no input files
compilation terminated.
configure:4041: $? = 1
configure:4045: checking whether we are using the GNU C compiler
configure:4064: gcc -c   conftest.c >&5
configure:4064: $? = 0
configure:4073: result: yes
configure:4082: checking whether gcc accepts -g
configure:4102: gcc -c -g  conftest.c >&5
configure:4102: $? = 0
configure:4143: result: yes
configure:4160: checking for gcc option to accept ISO C89
configure:4223: gcc  -c -g -O2  conftest.c >&5
configure:4223: $? = 0
configure:4236: result: none needed
configure:4261: checking whether gcc understands -c and -o together
configure:4283: gcc -c conftest.c -o conftest2.o
configure:4286: $? = 0
configure:4283: gcc -c conftest.c -o conftest2.o
configure:4286: $? = 0
configure:4298: result: yes
configure:4317: checking dependency style of gcc
configure:4428: result: gcc3
configure:4448: checking how to run the C preprocessor
configure:4479: gcc -E  conftest.c
configure:4479: $? = 0
configure:4493: gcc -E  conftest.c
conftest.c:11:28: fatal error: ac_nonexistent.h: No such file or directory
compilation terminated.
configure:4493: $? = 1
configure: failed program was:
| /* confdefs.h */
| #define PACKAGE_NAME "inspect"
| #define PACKAGE_TARNAME "inspect"
| #define PACKAGE_VERSION "1.0.0"
| #define PACKAGE_STRING "inspect 1.0.0"
| #define PACKAGE_BUGREPORT "kinow83@gmail.com"
| #define PACKAGE_URL ""
| #define PACKAGE "inspect"
| #define VERSION "1.0.0"
| /* end confdefs.h.  */
| #include <ac_nonexistent.h>
configure:4518: result: gcc -E
configure:4538: gcc -E  conftest.c
configure:4538: $? = 0
configure:4552: gcc -E  conftest.c
conftest.c:11:28: fatal error: ac_nonexistent.h: No such file or directory
compilation terminated.
configure:4552: $? = 1
configure: failed program was:
| /* confdefs.h */
| #define PACKAGE_NAME "inspect"
| #define PACKAGE_TARNAME "inspect"
| #define PACKAGE_VERSION "1.0.0"
| #define PACKAGE_STRING "inspect 1.0.0"
| #define PACKAGE_BUGREPORT "kinow83@gmail.com"
| #define PACKAGE_URL ""
| #define PACKAGE "inspect"
| #define VERSION "1.0.0"
| /* end confdefs.h.  */
| #include <ac_nonexistent.h>
configure:4581: checking whether ln -s works
configure:4585: result: yes
configure:4592: checking whether make sets $(MAKE)
configure:4614: result: yes
configure:4653: checking build system type
configure:4667: result: x86_64-pc-linux-gnu
configure:4687: checking host system type
configure:4700: result: x86_64-pc-linux-gnu
configure:4741: checking how to print strings
configure:4768: result: printf
configure:4789: checking for a sed that does not truncate output
configure:4853: result: /bin/sed
configure:4871: checking for grep that handles long lines and -e
configure:4929: result: /bin/grep
configure:4934: checking for egrep
configure:4996: result: /bin/grep -E
configure:5001: checking for fgrep
configure:5063: result: /bin/grep -F
configure:5098: checking for ld used by gcc
configure:5165: result: /usr/bin/ld
configure:5172: checking if the linker (/usr/bin/ld) is GNU ld
configure:5187: result: yes
configure:5199: checking for BSD- or MS-compatible name lister (nm)
configure:5253: result: /usr/bin/nm -B
configure:5383: checking the name lister (/usr/bin/nm -B) interface
configure:5390: gcc -c -g -O2  conftest.c >&5
configure:5393: /usr/bin/nm -B "conftest.o"
configure:5396: output
0000000000000000 B some_variable
configure:5403: result: BSD nm
configure:5407: checking the maximum length of command line arguments
configure:5538: result: 1572864
configure:5586: checking how to convert x86_64-pc-linux-gnu file names to x86_64-pc-linux-gnu format
configure:5626: result: func_convert_file_noop
configure:5633: checking how to convert x86_64-pc-linux-gnu file names to toolchain format
configure:5653: result: func_convert_file_noop
configure:5660: checking for /usr/bin/ld option to reload object files
configure:5667: result: -r
configure:5741: checking for objdump
configure:5757: found /usr/bin/objdump
configure:5768: result: objdump
configure:5800: checking how to recognize dependent libraries
configure:6000: result: pass_all
configure:6085: checking for dlltool
configure:6115: result: no
configure:6145: checking how to associate runtime and link libraries
configure:6172: result: printf %s\n
configure:6233: checking for ar
configure:6249: found /usr/bin/ar
configure:6260: result: ar
configure:6297: checking for archiver @FILE support
configure:6314: gcc -c -g -O2  conftest.c >&5
configure:6314: $? = 0
configure:6317: ar cru libconftest.a @conftest.lst >&5
ar: `u' modifier ignored since `D' is the default (see `U')
configure:6320: $? = 0
configure:6325: ar cru libconftest.a @conftest.lst >&5
ar: `u' modifier ignored since `D' is the default (see `U')
ar: conftest.o: No such file or directory
configure:6328: $? = 1
configure:6340: result: @
configure:6398: checking for strip
configure:6414: found /usr/bin/strip
configure:6425: result: strip
configure:6497: checking for ranlib
configure:6513: found /usr/bin/ranlib
configure:6524: result: ranlib
configure:6626: checking command to parse /usr/bin/nm -B output from gcc object
configure:6779: gcc -c -g -O2  conftest.c >&5
configure:6782: $? = 0
configure:6786: /usr/bin/nm -B conftest.o \| sed -n -e 's/^.*[ ]\([ABCDGIRSTW][ABCDGIRSTW]*\)[ ][ ]*\([_A-Za-z][_A-Za-z0-9]*\)$/\1 \2 \2/p' | sed '/ __gnu_lto/d' \> conftest.nm
configure:6789: $? = 0
configure:6855: gcc -o conftest -g -O2   conftest.c conftstm.o >&5
configure:6858: $? = 0
configure:6896: result: ok
configure:6943: checking for sysroot
configure:6973: result: no
configure:6980: checking for a working dd
configure:7018: result: /bin/dd
configure:7022: checking how to truncate binary pipes
configure:7037: result: /bin/dd bs=4096 count=1
configure:7173: gcc -c -g -O2  conftest.c >&5
configure:7176: $? = 0
configure:7366: checking for mt
configure:7382: found /bin/mt
configure:7393: result: mt
configure:7416: checking if mt is a manifest tool
configure:7422: mt '-?'
configure:7430: result: no
configure:8103: checking for ANSI C header files
configure:8123: gcc -c -g -O2  conftest.c >&5
configure:8123: $? = 0
configure:8196: gcc -o conftest -g -O2   conftest.c  >&5
configure:8196: $? = 0
configure:8196: ./conftest
configure:8196: $? = 0
configure:8207: result: yes
configure:8220: checking for sys/types.h
configure:8220: gcc -c -g -O2  conftest.c >&5
configure:8220: $? = 0
configure:8220: result: yes
configure:8220: checking for sys/stat.h
configure:8220: gcc -c -g -O2  conftest.c >&5
configure:8220: $? = 0
configure:8220: result: yes
configure:8220: checking for stdlib.h
configure:8220: gcc -c -g -O2  conftest.c >&5
configure:8220: $? = 0
configure:8220: result: yes
configure:8220: checking for string.h
configure:8220: gcc -c -g -O2  conftest.c >&5
configure:8220: $? = 0
configure:8220: result: yes
configure:8220: checking for memory.h
configure:8220: gcc -c -g -O2  conftest.c >&5
configure:8220: $? = 0
configure:8220: result: yes
configure:8220: checking for strings.h
configure:8220: gcc -c -g -O2  conftest.c >&5
configure:8220: $? = 0
configure:8220: result: yes
configure:8220: checking for inttypes.h
configure:8220: gcc -c -g -O2  conftest.c >&5
configure:8220: $? = 0
configure:8220: result: yes
configure:8220: checking for stdint.h
configure:8220: gcc -c -g -O2  conftest.c >&5
configure:8220: $? = 0
configure:8220: result: yes
configure:8220: checking for unistd.h
configure:8220: gcc -c -g -O2  conftest.c >&5
configure:8220: $? = 0
configure:8220: result: yes
configure:8234: checking for dlfcn.h
configure:8234: gcc -c -g -O2  conftest.c >&5
configure:8234: $? = 0
configure:8234: result: yes
configure:8501: checking for objdir
configure:8516: result: .libs
configure:8780: checking if gcc supports -fno-rtti -fno-exceptions
configure:8798: gcc -c -g -O2  -fno-rtti -fno-exceptions conftest.c >&5
cc1: warning: command line option '-fno-rtti' is valid for C++/ObjC++ but not for C
configure:8802: $? = 0
configure:8815: result: no
configure:9173: checking for gcc option to produce PIC
configure:9180: result: -fPIC -DPIC
configure:9188: checking if gcc PIC flag -fPIC -DPIC works
configure:9206: gcc -c -g -O2  -fPIC -DPIC -DPIC conftest.c >&5
configure:9210: $? = 0
configure:9223: result: yes
configure:9252: checking if gcc static flag -static works
configure:9280: result: yes
configure:9295: checking if gcc supports -c -o file.o
configure:9316: gcc -c -g -O2  -o out/conftest2.o conftest.c >&5
configure:9320: $? = 0
configure:9342: result: yes
configure:9350: checking if gcc supports -c -o file.o
configure:9397: result: yes
configure:9430: checking whether the gcc linker (/usr/bin/ld -m elf_x86_64) supports shared libraries
configure:10693: result: yes
configure:10730: checking whether -lc should be explicitly linked in
configure:10738: gcc -c -g -O2  conftest.c >&5
configure:10741: $? = 0
configure:10756: gcc -shared  -fPIC -DPIC conftest.o  -v -Wl,-soname -Wl,conftest -o conftest 2\>\&1 \| /bin/grep  -lc  \>/dev/null 2\>\&1
configure:10759: $? = 0
configure:10773: result: no
configure:10933: checking dynamic linker characteristics
configure:11514: gcc -o conftest -g -O2   -Wl,-rpath -Wl,/foo conftest.c  >&5
configure:11514: $? = 0
configure:11763: result: GNU/Linux ld.so
configure:11885: checking how to hardcode library paths into programs
configure:11910: result: immediate
configure:12458: checking whether stripping libraries is possible
configure:12463: result: yes
configure:12498: checking if libtool supports shared libraries
configure:12500: result: yes
configure:12503: checking whether to build shared libraries
configure:12528: result: yes
configure:12531: checking whether to build static libraries
configure:12535: result: yes
configure:12558: checking how to run the C++ preprocessor
configure:12585: g++ -E  conftest.cpp
configure:12585: $? = 0
configure:12599: g++ -E  conftest.cpp
conftest.cpp:23:28: fatal error: ac_nonexistent.h: No such file or directory
compilation terminated.
configure:12599: $? = 1
configure: failed program was:
| /* confdefs.h */
| #define PACKAGE_NAME "inspect"
| #define PACKAGE_TARNAME "inspect"
| #define PACKAGE_VERSION "1.0.0"
| #define PACKAGE_STRING "inspect 1.0.0"
| #define PACKAGE_BUGREPORT "kinow83@gmail.com"
| #define PACKAGE_URL ""
| #define PACKAGE "inspect"
| #define VERSION "1.0.0"
| #define STDC_HEADERS 1
| #define HAVE_SYS_TYPES_H 1
| #define HAVE_SYS_STAT_H 1
| #define HAVE_STDLIB_H 1
| #define HAVE_STRING_H 1
| #define HAVE_MEMORY_H 1
| #define HAVE_STRINGS_H 1
| #define HAVE_INTTYPES_H 1
| #define HAVE_STDINT_H 1
| #define HAVE_UNISTD_H 1
| #define HAVE_DLFCN_H 1
| #define LT_OBJDIR ".libs/"
| /* end confdefs.h.  */
| #include <ac_nonexistent.h>
configure:12624: result: g++ -E
configure:12644: g++ -E  conftest.cpp
configure:12644: $? = 0
configure:12658: g++ -E  conftest.cpp
conftest.cpp:23:28: fatal error: ac_nonexistent.h: No such file or directory
compilation terminated.
configure:12658: $? = 1
configure: failed program was:
| /* confdefs.h */
| #define PACKAGE_NAME "inspect"
| #define PACKAGE_TARNAME "inspect"
| #define PACKAGE_VERSION "1.0.0"
| #define PACKAGE_STRING "inspect 1.0.0"
| #define PACKAGE_BUGREPORT "kinow83@gmail.com"
| #define PACKAGE_URL ""
| #define PACKAGE "inspect"
| #define VERSION "1.0.0"
| #define STDC_HEADERS 1
| #define HAVE_SYS_TYPES_H 1
| #define HAVE_SYS_STAT_H 1
| #define HAVE_STDLIB_H 1
| #define HAVE_STRING_H 1
| #define HAVE_MEMORY_H 1
| #define HAVE_STRINGS_H 1
| #define HAVE_INTTYPES_H 1
| #define HAVE_STDINT_H 1
| #define HAVE_UNISTD_H 1
| #define HAVE_DLFCN_H 1
| #define LT_OBJDIR ".libs/"
| /* end confdefs.h.  */
| #include <ac_nonexistent.h>
configure:12820: checking for ld used by g++
configure:12887: result: /usr/bin/ld -m elf_x86_64
configure:12894: checking if the linker (/usr/bin/ld -m elf_x86_64) is GNU ld
configure:12909: result: yes
configure:12964: checking whether the g++ linker (/usr/bin/ld -m elf_x86_64) supports shared libraries
configure:14037: result: yes
configure:14073: g++ -c -g -O2  conftest.cpp >&5
configure:14076: $? = 0
configure:14557: checking for g++ option to produce PIC
configure:14564: result: -fPIC -DPIC
configure:14572: checking if g++ PIC flag -fPIC -DPIC works
configure:14590: g++ -c -g -O2  -fPIC -DPIC -DPIC conftest.cpp >&5
configure:14594: $? = 0
configure:14607: result: yes
configure:14630: checking if g++ static flag -static works
configure:14658: result: yes
configure:14670: checking if g++ supports -c -o file.o
configure:14691: g++ -c -g -O2  -o out/conftest2.o conftest.cpp >&5
configure:14695: $? = 0
configure:14717: result: yes
configure:14722: checking if g++ supports -c -o file.o
configure:14769: result: yes
configure:14799: checking whether the g++ linker (/usr/bin/ld -m elf_x86_64) supports shared libraries
configure:14842: result: yes
configure:14983: checking dynamic linker characteristics
configure:15740: result: GNU/Linux ld.so
configure:15805: checking how to hardcode library paths into programs
configure:15830: result: immediate
configure:15898: checking for stdlib.h
configure:15898: result: yes
configure:15898: checking for string.h
configure:15898: result: yes
configure:16026: checking that generated files are newer than configure
configure:16032: result: done
configure:16059: creating ./config.status

## ---------------------- ##
## Running config.status. ##
## ---------------------- ##

This file was extended by inspect config.status 1.0.0, which was
generated by GNU Autoconf 2.69.  Invocation command line was

  CONFIG_FILES    = 
  CONFIG_HEADERS  = 
  CONFIG_LINKS    = 
  CONFIG_COMMANDS = 
  $ ./config.status 

on kinow-mint

config.status:1149: creating Makefile
config.status:1149: creating config.h
config.status:1378: executing depfiles commands
config.status:1378: executing libtool commands

## ---------------- ##
## Cache variables. ##
## ---------------- ##

ac_cv_build=x86_64-pc-linux-gnu
ac_cv_c_compiler_gnu=yes
ac_cv_cxx_compiler_gnu=yes
ac_cv_env_CCC_set=
ac_cv_env_CCC_value=
ac_cv_env_CC_set=
ac_cv_env_CC_value=
ac_cv_env_CFLAGS_set=
ac_cv_env_CFLAGS_value=
ac_cv_env_CPPFLAGS_set=
ac_cv_env_CPPFLAGS_value=
ac_cv_env_CPP_set=
ac_cv_env_CPP_value=
ac_cv_env_CXXCPP_set=
ac_cv_env_CXXCPP_value=
ac_cv_env_CXXFLAGS_set=
ac_cv_env_CXXFLAGS_value=
ac_cv_env_CXX_set=
ac_cv_env_CXX_value=
ac_cv_env_LDFLAGS_set=
ac_cv_env_LDFLAGS_value=
ac_cv_env_LIBS_set=
ac_cv_env_LIBS_value=
ac_cv_env_LT_SYS_LIBRARY_PATH_set=
ac_cv_env_LT_SYS_LIBRARY_PATH_value=
ac_cv_env_build_alias_set=
ac_cv_env_build_alias_value=
ac_cv_env_host_alias_set=
ac_cv_env_host_alias_value=
ac_cv_env_target_alias_set=
ac_cv_env_target_alias_value=
ac_cv_header_dlfcn_h=yes
ac_cv_header_inttypes_h=yes
ac_cv_header_memory_h=yes
ac_cv_header_stdc=yes
ac_cv_header_stdint_h=yes
ac_cv_header_stdlib_h=yes
ac_cv_header_string_h=yes
ac_cv_header_strings_h=yes
ac_cv_header_sys_stat_h=yes
ac_cv_header_sys_types_h=yes
ac_cv_header_unistd_h=yes
ac_cv_host=x86_64-pc-linux-gnu
ac_cv_objext=o
ac_cv_path_EGREP='/bin/grep -E'
ac_cv_path_FGREP='/bin/grep -F'
ac_cv_path_GREP=/bin/grep
ac_cv_path_SED=/bin/sed
ac_cv_path_install='/usr/bin/install -c'
ac_cv_path_lt_DD=/bin/dd
ac_cv_path_mkdir=/bin/mkdir
ac_cv_prog_AWK=gawk
ac_cv_prog_CPP='gcc -E'
ac_cv_prog_CXXCPP='g++ -E'
ac_cv_prog_ac_ct_AR=ar
ac_cv_prog_ac_ct_CC=gcc
ac_cv_prog_ac_ct_CXX=g++
ac_cv_prog_ac_ct_MANIFEST_TOOL=mt
ac_cv_prog_ac_ct_OBJDUMP=objdump
ac_cv_prog_ac_ct_RANLIB=ranlib
ac_cv_prog_ac_ct_STRIP=strip
ac_cv_prog_cc_c89=
ac_cv_prog_cc_g=yes
ac_cv_prog_cxx_g=yes
ac_cv_prog_make_make_set=yes
am_cv_CC_dependencies_compiler_type=gcc3
am_cv_CXX_dependencies_compiler_type=gcc3
am_cv_make_support_nested_variables=yes
am_cv_prog_cc_c_o=yes
lt_cv_ar_at_file=@
lt_cv_archive_cmds_need_lc=no
lt_cv_deplibs_check_method=pass_all
lt_cv_file_magic_cmd='$MAGIC_CMD'
lt_cv_file_magic_test_file=
lt_cv_ld_reload_flag=-r
lt_cv_nm_interface='BSD nm'
lt_cv_objdir=.libs
lt_cv_path_LD=/usr/bin/ld
lt_cv_path_LDCXX='/usr/bin/ld -m elf_x86_64'
lt_cv_path_NM='/usr/bin/nm -B'
lt_cv_path_mainfest_tool=no
lt_cv_prog_compiler_c_o=yes
lt_cv_prog_compiler_c_o_CXX=yes
lt_cv_prog_compiler_pic='-fPIC -DPIC'
lt_cv_prog_compiler_pic_CXX='-fPIC -DPIC'
lt_cv_prog_compiler_pic_works=yes
lt_cv_prog_compiler_pic_works_CXX=yes
lt_cv_prog_compiler_rtti_exceptions=no
lt_cv_prog_compiler_static_works=yes
lt_cv_prog_compiler_static_works_CXX=yes
lt_cv_prog_gnu_ld=yes
lt_cv_prog_gnu_ldcxx=yes
lt_cv_sharedlib_from_linklib_cmd='printf %s\n'
lt_cv_shlibpath_overrides_runpath=no
lt_cv_sys_global_symbol_pipe='sed -n -e '\''s/^.*[	 ]\([ABCDGIRSTW][ABCDGIRSTW]*\)[	 ][	 ]*\([_A-Za-z][_A-Za-z0-9]*\)$/\1 \2 \2/p'\'' | sed '\''/ __gnu_lto/d'\'''
lt_cv_sys_global_symbol_to_c_name_address='sed -n -e '\''s/^: \(.*\) .*$/  {"\1", (void *) 0},/p'\'' -e '\''s/^[ABCDGIRSTW][ABCDGIRSTW]* .* \(.*\)$/  {"\1", (void *) \&\1},/p'\'''
lt_cv_sys_global_symbol_to_c_name_address_lib_prefix='sed -n -e '\''s/^: \(.*\) .*$/  {"\1", (void *) 0},/p'\'' -e '\''s/^[ABCDGIRSTW][ABCDGIRSTW]* .* \(lib.*\)$/  {"\1", (void *) \&\1},/p'\'' -e '\''s/^[ABCDGIRSTW][ABCDGIRSTW]* .* \(.*\)$/  {"lib\1", (void *) \&\1},/p'\'''
lt_cv_sys_global_symbol_to_cdecl='sed -n -e '\''s/^T .* \(.*\)$/extern int \1();/p'\'' -e '\''s/^[ABCDGIRSTW][ABCDGIRSTW]* .* \(.*\)$/extern char \1;/p'\'''
lt_cv_sys_global_symbol_to_import=
lt_cv_sys_max_cmd_len=1572864
lt_cv_to_host_file_cmd=func_convert_file_noop
lt_cv_to_tool_file_cmd=func_convert_file_noop
lt_cv_truncate_bin='/bin/dd bs=4096 count=1'

## ----------------- ##
## Output variables. ##
## ----------------- ##

ACLOCAL='${SHELL} /root/git/inspect/src/missing aclocal-1.15'
AMDEPBACKSLASH='\'
AMDEP_FALSE='#'
AMDEP_TRUE=''
AMTAR='$${TAR-tar}'
AM_BACKSLASH='\'
AM_DEFAULT_V='$(AM_DEFAULT_VERBOSITY)'
AM_DEFAULT_VERBOSITY='1'
AM_V='$(V)'
AR='ar'
AUTOCONF='${SHELL} /root/git/inspect/src/missing autoconf'
AUTOHEADER='${SHELL} /root/git/inspect/src/missing autoheader'
AUTOMAKE='${SHELL} /root/git/inspect/src/missing automake-1.15'
AWK='gawk'
CC='gcc'
CCDEPMODE='depmode=gcc3'
CFLAGS='-g -O2'
CPP='gcc -E'
CPPFLAGS=''
CXX='g++'
CXXCPP='g++ -E'
CXXDEPMODE='depmode=gcc3'
CXXFLAGS='-g -O2'
CYGPATH_W='echo'
DEFS='-DHAVE_CONFIG_H'
DEPDIR='.deps'
DLLTOOL='false'
DSYMUTIL=''
DUMPBIN=''
ECHO_C=''
ECHO_N='-n'
ECHO_T=''
EGREP='/bin/grep -E'
EXEEXT=''
FGREP='/bin/grep -F'
GREP='/bin/grep'
INSTALL_DATA='${INSTALL} -m 644'
INSTALL_PROGRAM='${INSTALL}'
INSTALL_SCRIPT='${INSTALL}'
INSTALL_STRIP_PROGRAM='$(install_sh) -c -s'
LD='/usr/bin/ld -m elf_x86_64'
LDFLAGS=''
LIBOBJS=''
LIBS=''
LIBTOOL='$(SHELL) $(top_builddir)/libtool'
LIPO=''
LN_S='ln -s'
LTLIBOBJS=''
LT_SYS_LIBRARY_PATH=''
MAKEINFO='${SHELL} /root/git/inspect/src/missing makeinfo'
MANIFEST_TOOL=':'
MKDIR_P='/bin/mkdir -p'
NM='/usr/bin/nm -B'
NMEDIT=''
OBJDUMP='objdump'
OBJEXT='o'
OTOOL64=''
OTOOL=''
PACKAGE='inspect'
PACKAGE_BUGREPORT='kinow83@gmail.com'
PACKAGE_NAME='inspect'
PACKAGE_STRING='inspect 1.0.0'
PACKAGE_TARNAME='inspect'
PACKAGE_URL=''
PACKAGE_VERSION='1.0.0'
PATH_SEPARATOR=':'
RANLIB='ranlib'
SED='/bin/sed'
SET_MAKE=''
SHELL='/bin/bash'
STRIP='strip'
VERSION='1.0.0'
ac_ct_AR='ar'
ac_ct_CC='gcc'
ac_ct_CXX='g++'
ac_ct_DUMPBIN=''
am__EXEEXT_FALSE=''
am__EXEEXT_TRUE='#'
am__fastdepCC_FALSE='#'
am__fastdepCC_TRUE=''
am__fastdepCXX_FALSE='#'
am__fastdepCXX_TRUE=''
am__include='include'
am__isrc=''
am__leading_dot='.'
am__nodep='_no'
am__quote=''
am__tar='$${TAR-tar} chof - "$$tardir"'
am__untar='$${TAR-tar} xf -'
bindir='${exec_prefix}/bin'
build='x86_64-pc-linux-gnu'
build_alias=''
build_cpu='x86_64'
build_os='linux-gnu'
build_vendor='pc'
datadir='${datarootdir}'
datarootdir='${prefix}/share'
docdir='${datarootdir}/doc/${PACKAGE_TARNAME}'
dvidir='${docdir}'
exec_prefix='${prefix}'
host='x86_64-pc-linux-gnu'
host_alias=''
host_cpu='x86_64'
host_os='linux-gnu'
host_vendor='pc'
htmldir='${docdir}'
includedir='${prefix}/include'
infodir='${datarootdir}/info'
install_sh='${SHELL} /root/git/inspect/src/install-sh'
libdir='${exec_prefix}/lib'
libexecdir='${exec_prefix}/libexec'
localedir='${datarootdir}/locale'
localstatedir='${prefix}/var'
mandir='${datarootdir}/man'
mkdir_p='$(MKDIR_P)'
oldincludedir='/usr/include'
pdfdir='${docdir}'
prefix='/usr'
program_transform_name='s,x,x,'
psdir='${docdir}'
runstatedir='${localstatedir}/run'
sbindir='${exec_prefix}/sbin'
sharedstatedir='${prefix}/com'
sysconfdir='${prefix}/etc'
target_alias=''

## ----------- ##
## confdefs.h. ##
## ----------- ##

/* confdefs.h */
#define PACKAGE_NAME "inspect"
#define PACKAGE_TARNAME "inspect"
#define PACKAGE_VERSION "1.0.0"
#define PACKAGE_STRING "inspect 1.0.0"
#define PACKAGE_BUGREPORT "kinow83@gmail.com"
#define PACKAGE_URL ""
#define PACKAGE "inspect"
#define VERSION "1.0.0"
#define STDC_HEADERS 1
#define HAVE_SYS_TYPES_H 1
#define HAVE_SYS_STAT_H 1
#define HAVE_STDLIB_H 1
#define HAVE_STRING_H 1
#define HAVE_MEMORY_H 1
#define HAVE_STRINGS_H 1
#define HAVE_INTTYPES_H 1
#define HAVE_STDINT_H 1
#define HAVE_UNISTD_H 1
#define HAVE_DLFCN_H 1
#define LT_OBJDIR ".libs/"
#define HAVE_STDLIB_H 1
#define HAVE_STRING_H 1

configure: exit 0

## ---------------------- ##
## Running config.status. ##
## ---------------------- ##

This file was extended by inspect config.status 1.0.0, which was
generated by GNU Autoconf 2.69.  Invocation command line was

  CONFIG_FILES    = 
  CONFIG_HEADERS  = 
  CONFIG_LINKS    = 
  CONFIG_COMMANDS = 
  $ ./config.status Makefile depfiles

on kinow-mint

config.status:1149: creating Makefile
config.status:1378: executing depfiles commands

## ---------------------- ##
## Running config.status. ##
## ---------------------- ##

This file was extended by inspect config.status 1.0.0, which was
generated by GNU Autoconf 2.69.  Invocation command line was

  CONFIG_FILES    = 
  CONFIG_HEADERS  = 
  CONFIG_LINKS    = 
  CONFIG_COMMANDS = 
  $ ./config.status Makefile depfiles

on kinow-mint

config.status:1149: creating Makefile
config.status:1378: executing depfiles commands

## ---------------------- ##
## Running config.status. ##
## ---------------------- ##

This file was extended by inspect config.status 1.0.0, which was
generated by GNU Autoconf 2.69.  Invocation command line was

  CONFIG_FILES    = 
  CONFIG_HEADERS  = 
  CONFIG_LINKS    = 
  CONFIG_COMMANDS = 
  $ ./config.status Makefile depfiles

on kinow-mint

config.status:1149: creating Makefile
config.status:1378: executing depfiles commands

## ---------------------- ##
## Running config.status. ##
## ---------------------- ##

This file was extended by inspect config.status 1.0.0, which was
generated by GNU Autoconf 2.69.  Invocation command line was

  CONFIG_FILES    = 
  CONFIG_HEADERS  = 
  CONFIG_LINKS    = 
  CONFIG_COMMANDS = 
  $ ./config.status Makefile depfiles

on kinow-mint

config.status:1149: creating Makefile
config.status:1378: executing depfiles commands

## ---------------------- ##
## Running config.status. ##
## ---------------------- ##

This file was extended by inspect config.status 1.0.0, which was
generated by GNU Autoconf 2.69.  Invocation command line was

  CONFIG_FILES    = 
  CONFIG_HEADERS  = 
  CONFIG_LINKS    = 
  CONFIG_COMMANDS = 
  $ ./config.status Makefile depfiles

on kinow-mint

config.status:1149: creating Makefile
config.status:1378: executing depfiles commands
